#
# A fatal error has been detected by the Java Runtime Environment:
#
#  SIGSEGV (0xb) at pc=0x00007fbfcd069a7a, pid=11363, tid=0x00007fbfbfbef700
#
# JRE version: Java(TM) SE Runtime Environment (8.0_131-b11) (build 1.8.0_131-b11)
# Java VM: Java HotSpot(TM) 64-Bit Server VM (25.131-b11 mixed mode linux-amd64 compressed oops)
# Problematic frame:
# v  ~BufferBlob::jni_fast_GetLongField
#
# Failed to write core dump. Core dumps have been disabled. To enable core dumping, try "ulimit -c unlimited" before starting Java again
#
# If you would like to submit a bug report, please visit:
#   http://bugreport.java.com/bugreport/crash.jsp
# The crash happened outside the Java Virtual Machine in native code.
# See problematic frame for where to report the bug.
#

---------------  T H R E A D  ---------------

Current thread (0x00007fbfdc27e000):  JavaThread "AWT-XAWT" daemon [_thread_in_native, id=11382, stack(0x00007fbfbfaef000,0x00007fbfbfbf0000)]

siginfo: si_signo: 11 (SIGSEGV), si_code: 1 (SEGV_MAPERR), si_addr: 0x0000000000000000

Registers:
RAX=0x00007fbfe4143240, RBX=0x00007fbfdc27e1f8, RCX=0x00007fbfe4bab2c0, RDX=0x0000000000000042
RSP=0x00007fbfbfbee5b8, RBP=0x00007fbfbfbee5e0, RSI=0x0000000000000000, RDI=0x00007fbfdc27e1f8
R8 =0x00000000c338b3e0, R9 =0x0000000000000000, R10=0x0000000000000a64, R11=0x00007fbfcd87a858
R12=0x00007fbf5000eb20, R13=0x0000000000000000, R14=0x00007fbfc59987e0, R15=0x00007fbfdc27e000
RIP=0x00007fbfcd069a7a, EFLAGS=0x0000000000010246, CSGSFS=0x002b000000000033, ERR=0x0000000000000004
  TRAPNO=0x000000000000000e

Top of Stack: (sp=0x00007fbfbfbee5b8)
0x00007fbfbfbee5b8:   00007fbfc5776ee1 00007fbfe0cf3bb8
0x00007fbfbfbee5c8:   00007fbf5000eb20 00007fbfbfbee690
0x00007fbfbfbee5d8:   00007fbfbfbee660 0000000000000000
0x00007fbfbfbee5e8:   00007fbfc52583c0 00007fbfe0cf3bb8
0x00007fbfbfbee5f8:   00007fbfbfbee620 0000000000000000
0x00007fbfbfbee608:   00007fbfc524ff93 00007fbfbfbee690
0x00007fbfbfbee618:   00007fbfc577011f 00007fbfbfbee670
0x00007fbfbfbee628:   00007fbfcd87a8f6 0000000000000000
0x00007fbfbfbee638:   00007fbfcd353a76 00007fbfbfbee690
0x00007fbfbfbee648:   00007fbfcd1137ac 00000000c33be598
0x00007fbfbfbee658:   00007fbfce655c88 00000000c2ffdf80
0x00007fbfbfbee668:   0000000000000031 00007fbfbfbee6f0
0x00007fbfbfbee678:   00007fbfcd007a90 00007fbfbfbee6f0
0x00007fbfbfbee688:   00007fbfcd007a90 0000000000000000
0x00007fbfbfbee698:   00007fbfcd007dd0 00007fbf8c000e30
0x00007fbfbfbee6a8:   00000000c33be598 00007fbfbfbee6b0
0x00007fbfbfbee6b8:   00007fbfe0c9ff04 00007fbfbfbee738
0x00007fbfbfbee6c8:   00007fbfe0cb87a8 0000000000000000
0x00007fbfbfbee6d8:   00007fbfe0ca0040 00007fbfbfbee690
0x00007fbfbfbee6e8:   00007fbfbfbee730 00007fbfbfbee780
0x00007fbfbfbee6f8:   00007fbfcd0082bd 0000000000000000
0x00007fbfbfbee708:   00000000edf29cb8 0000000000000000
0x00007fbfbfbee718:   0000000000000000 0000000000000000
0x00007fbfbfbee728:   00000000c33be598 0000000000000000
0x00007fbfbfbee738:   00000000c33a4d10 00007fbfbfbee740
0x00007fbfbfbee748:   00007fbfe0c9fd45 00007fbfbfbee790
0x00007fbfbfbee758:   00007fbfe0cb87a8 0000000000000000
0x00007fbfbfbee768:   00007fbfe0c9fd50 00007fbfbfbee730
0x00007fbfbfbee778:   00007fbfbfbee790 00007fbfbfbee7d8
0x00007fbfbfbee788:   00007fbfcd008302 00000000c33a4d10
0x00007fbfbfbee798:   00007fbfbfbee798 00007fbfe096699b
0x00007fbfbfbee7a8:   00007fbfbfbee7e8 00007fbfe09ee080 

Instructions: (pc=0x00007fbfcd069a7a)
0x00007fbfcd069a5a:   00 00 00 00 00 00 44 8b 15 61 92 11 17 4c 8b ce
0x00007fbfcd069a6a:   41 f6 c2 01 0f 85 2e 00 00 00 4d 33 ca 4d 33 ca
0x00007fbfcd069a7a:   4d 8b 09 4c 8b da 49 c1 eb 02 4b 8b 04 19 49 bb
0x00007fbfcd069a8a:   c8 2c 18 e4 bf 7f 00 00 4c 33 d8 4c 33 d8 45 3b 

Register to memory mapping:

RAX=0x00007fbfe4143240: <offset 0xf87240> in /usr/local/jdk1.8.0_131/jre/lib/amd64/server/libjvm.so at 0x00007fbfe31bc000
RBX=0x00007fbfdc27e1f8 is an unknown value
RCX=0x00007fbfe4bab2c0: <offset 0x2182c0> in /lib/x86_64-linux-gnu/libpthread.so.0 at 0x00007fbfe4993000
RDX=0x0000000000000042 is an unknown value
RSP=0x00007fbfbfbee5b8 is pointing into the stack for thread: 0x00007fbfdc27e000
RBP=0x00007fbfbfbee5e0 is pointing into the stack for thread: 0x00007fbfdc27e000
RSI=0x0000000000000000 is an unknown value
RDI=0x00007fbfdc27e1f8 is an unknown value
R8 =0x00000000c338b3e0 is an oop
sun.util.logging.PlatformLogger$Level 
 - klass: 'sun/util/logging/PlatformLogger$Level'
R9 =0x0000000000000000 is an unknown value
R10=0x0000000000000a64 is an unknown value
R11=0x00007fbfcd87a858 is at entry_point+24 in (nmethod*)0x00007fbfcd87a6d0
R12=0x00007fbf5000eb20 is an unknown value
R13=0x0000000000000000 is an unknown value
R14=0x00007fbfc59987e0: <offset 0x2587e0> in /usr/local/jdk1.8.0_131/jre/lib/amd64/libawt_xawt.so at 0x00007fbfc5740000
R15=0x00007fbfdc27e000 is a thread


Stack: [0x00007fbfbfaef000,0x00007fbfbfbf0000],  sp=0x00007fbfbfbee5b8,  free space=1021k
Native frames: (J=compiled Java code, j=interpreted, Vv=VM code, C=native code)
v  ~BufferBlob::jni_fast_GetLongField
C  [libX11.so.6+0x643c0]  _XimServerDestroy+0x70

Java frames: (J=compiled Java code, j=interpreted, Vv=VM code)
J 3156  sun.awt.X11.XlibWrapper.XFilterEvent(JJ)Z (0 bytes) @ 0x00007fbfcd87a884 [0x00007fbfcd87a840+0x44]
j  sun.awt.X11.XToolkit.run(Z)V+300
j  sun.awt.X11.XToolkit.run()V+5
j  java.lang.Thread.run()V+11
v  ~StubRoutines::call_stub

---------------  P R O C E S S  ---------------

Java Threads: ( => current thread )
  0x00007fbf4c019800 JavaThread "XToolkt-Shutdown-Thread" [_thread_blocked, id=12275, stack(0x00007fbf78c4c000,0x00007fbf78d4d000)]
  0x00007fbfa0002000 JavaThread "SIGHUP handler" daemon [_thread_blocked, id=12274, stack(0x00007fbf78b4b000,0x00007fbf78c4c000)]
  0x00007fbfa0001000 JavaThread "SIGTERM handler" daemon [_thread_blocked, id=12273, stack(0x00007fbf79e29000,0x00007fbf79f2a000)]
  0x00007fbf50154000 JavaThread "Java Sound Sequencer" [_thread_blocked, id=11523, stack(0x00007fbf79151000,0x00007fbf79252000)]
  0x00007fbf5014b800 JavaThread "Java Sound Sequencer" [_thread_blocked, id=11516, stack(0x00007fbf78d4d000,0x00007fbf78e4e000)]
  0x00007fbf5014e000 JavaThread "Java Sound Sequencer" [_thread_blocked, id=11509, stack(0x00007fbf78e4e000,0x00007fbf78f4f000)]
  0x00007fbf5006d800 JavaThread "Java Sound Sequencer" [_thread_blocked, id=11500, stack(0x00007fbf7a33b000,0x00007fbf7a43c000)]
  0x00007fbf50067000 JavaThread "Java Sound Sequencer" [_thread_blocked, id=11490, stack(0x00007fbf79050000,0x00007fbf79151000)]
  0x00007fbf50149800 JavaThread "Java Sound Sequencer" [_thread_blocked, id=11481, stack(0x00007fbf79b28000,0x00007fbf79c29000)]
  0x00007fbf50049000 JavaThread "Java Sound Sequencer" [_thread_blocked, id=11475, stack(0x00007fbf7aa77000,0x00007fbf7ab78000)]
  0x00007fbf50172000 JavaThread "Thread-10" daemon [_thread_blocked, id=11452, stack(0x00007fbf7b5fc000,0x00007fbf7b6fd000)]
  0x00007fbf50171000 JavaThread "Thread-9" daemon [_thread_blocked, id=11451, stack(0x00007fbf7b6fd000,0x00007fbf7b7fe000)]
  0x00007fbf5008d800 JavaThread "Java Sound MidiInDevice Thread" [_thread_blocked, id=11448, stack(0x00007fbfbeb8e000,0x00007fbfbec8f000)]
  0x00007fbfdc00a800 JavaThread "DestroyJavaVM" [_thread_blocked, id=11367, stack(0x00007fbfe4cb6000,0x00007fbfe4db7000)]
  0x00007fbf5c001800 JavaThread "AWT-EventQueue-0" [_thread_blocked, id=11402, stack(0x00007fbf7aef9000,0x00007fbf7affa000)]
  0x00007fbfdc41d000 JavaThread "TimerQueue" daemon [_thread_blocked, id=11401, stack(0x00007fbf7b1fa000,0x00007fbf7b2fb000)]
  0x00007fbfdc418800 JavaThread "AWT-Shutdown" [_thread_blocked, id=11400, stack(0x00007fbf7b2fb000,0x00007fbf7b3fc000)]
  0x00007fbfdc3a2000 JavaThread "Java Sound Event Dispatcher" daemon [_thread_blocked, id=11396, stack(0x00007fbfbc036000,0x00007fbfbc137000)]
=>0x00007fbfdc27e000 JavaThread "AWT-XAWT" daemon [_thread_in_native, id=11382, stack(0x00007fbfbfaef000,0x00007fbfbfbf0000)]
  0x00007fbfdc258800 JavaThread "Java2D Disposer" daemon [_thread_blocked, id=11381, stack(0x00007fbfc4018000,0x00007fbfc4119000)]
  0x00007fbfdc0c1000 JavaThread "Service Thread" daemon [_thread_blocked, id=11379, stack(0x00007fbfc5d6c000,0x00007fbfc5e6d000)]
  0x00007fbfdc0be000 JavaThread "C1 CompilerThread2" daemon [_thread_blocked, id=11378, stack(0x00007fbfc5e6d000,0x00007fbfc5f6e000)]
  0x00007fbfdc0bc000 JavaThread "C2 CompilerThread1" daemon [_thread_blocked, id=11377, stack(0x00007fbfc5f6e000,0x00007fbfc606f000)]
  0x00007fbfdc0b9800 JavaThread "C2 CompilerThread0" daemon [_thread_blocked, id=11376, stack(0x00007fbfc606f000,0x00007fbfc6170000)]
  0x00007fbfdc0b8000 JavaThread "Signal Dispatcher" daemon [_thread_blocked, id=11375, stack(0x00007fbfcc01b000,0x00007fbfcc11c000)]
  0x00007fbfdc084800 JavaThread "Finalizer" daemon [_thread_blocked, id=11374, stack(0x00007fbfcc3f4000,0x00007fbfcc4f5000)]
  0x00007fbfdc080000 JavaThread "Reference Handler" daemon [_thread_blocked, id=11373, stack(0x00007fbfcc4f5000,0x00007fbfcc5f6000)]

Other Threads:
  0x00007fbfdc078800 VMThread [stack: 0x00007fbfcc5f6000,0x00007fbfcc6f7000] [id=11372]
  0x00007fbfdc0c4000 WatcherThread [stack: 0x00007fbfc5c6b000,0x00007fbfc5d6c000] [id=11380]

VM state:not at safepoint (normal execution)

VM Mutex/Monitor currently owned by a thread: None

Heap:
 PSYoungGen      total 330752K, used 56245K [0x00000000eba00000, 0x0000000100000000, 0x0000000100000000)
  eden space 327680K, 17% used [0x00000000eba00000,0x00000000ef09ede8,0x00000000ffa00000)
  from space 3072K, 10% used [0x00000000ffd00000,0x00000000ffd4e790,0x0000000100000000)
  to   space 3072K, 0% used [0x00000000ffa00000,0x00000000ffa00000,0x00000000ffd00000)
 ParOldGen       total 182784K, used 121414K [0x00000000c2e00000, 0x00000000ce080000, 0x00000000eba00000)
  object space 182784K, 66% used [0x00000000c2e00000,0x00000000ca4919a0,0x00000000ce080000)
 Metaspace       used 33518K, capacity 33946K, committed 34352K, reserved 1079296K
  class space    used 4166K, capacity 4281K, committed 4400K, reserved 1048576K

Card table byte_map: [0x00007fbfe186c000,0x00007fbfe1a56000] byte_map_base: 0x00007fbfe1255000

Marking Bits: (ParMarkBitMap*) 0x00007fbfe4181f60
 Begin Bits: [0x00007fbfc6170000, 0x00007fbfc70b8000)
 End Bits:   [0x00007fbfc70b8000, 0x00007fbfc8000000)

Polling page: 0x00007fbfe4dd2000

CodeCache: size=245760Kb used=27583Kb max_used=28082Kb free=218176Kb
 bounds [0x00007fbfcd000000, 0x00007fbfcebd0000, 0x00007fbfdc000000]
 total_blobs=7839 nmethods=7093 adapters=655
 compilation: enabled

Compilation events (10 events):
Event: 1542.204 Thread 0x00007fbfdc0be000 9355       3       java.util.TreeMap$EntrySet::iterator (19 bytes)
Event: 1542.205 Thread 0x00007fbfdc0be000 nmethod 9355 0x00007fbfcd602e90 code [0x00007fbfcd603020, 0x00007fbfcd603530]
Event: 1542.210 Thread 0x00007fbfdc0be000 9356       3       com.sun.media.sound.SoftAudioBuffer::swap (117 bytes)
Event: 1542.211 Thread 0x00007fbfdc0be000 nmethod 9356 0x00007fbfcdbc6a50 code [0x00007fbfcdbc6bc0, 0x00007fbfcdbc6df0]
Event: 1549.544 Thread 0x00007fbfdc0bc000 9357       4       com.sun.media.sound.SoftAudioBuffer::swap (117 bytes)
Event: 1549.545 Thread 0x00007fbfdc0bc000 nmethod 9357 0x00007fbfcd411610 code [0x00007fbfcd411760, 0x00007fbfcd411858]
Event: 1557.980 Thread 0x00007fbfdc0b9800 9358   !   4       com.sun.media.sound.SoftMainMixer::processMessage (285 bytes)
Event: 1557.994 Thread 0x00007fbfdc0b9800 nmethod 9358 0x00007fbfce30ec50 code [0x00007fbfce30eec0, 0x00007fbfce30fb60]
Event: 1595.612 Thread 0x00007fbfdc0bc000 9359       4       java.util.TreeMap$EntrySet::iterator (19 bytes)
Event: 1595.616 Thread 0x00007fbfdc0bc000 nmethod 9359 0x00007fbfcd9f2010 code [0x00007fbfcd9f2160, 0x00007fbfcd9f22b8]

GC Heap History (10 events):
Event: 442.186 GC heap before
{Heap before GC invocations=126 (full 15):
 PSYoungGen      total 331264K, used 330135K [0x00000000eba00000, 0x0000000100000000, 0x0000000100000000)
  eden space 328704K, 100% used [0x00000000eba00000,0x00000000ffb00000,0x00000000ffb00000)
  from space 2560K, 55% used [0x00000000ffd80000,0x00000000ffee5f20,0x0000000100000000)
  to   space 2560K, 0% used [0x00000000ffb00000,0x00000000ffb00000,0x00000000ffd80000)
 ParOldGen       total 182784K, used 121289K [0x00000000c2e00000, 0x00000000ce080000, 0x00000000eba00000)
  object space 182784K, 66% used [0x00000000c2e00000,0x00000000ca472500,0x00000000ce080000)
 Metaspace       used 33422K, capacity 33818K, committed 34096K, reserved 1079296K
  class space    used 4162K, capacity 4281K, committed 4400K, reserved 1048576K
Event: 442.188 GC heap after
Heap after GC invocations=126 (full 15):
 PSYoungGen      total 331264K, used 1587K [0x00000000eba00000, 0x0000000100000000, 0x0000000100000000)
  eden space 328704K, 0% used [0x00000000eba00000,0x00000000eba00000,0x00000000ffb00000)
  from space 2560K, 62% used [0x00000000ffb00000,0x00000000ffc8ce28,0x00000000ffd80000)
  to   space 2560K, 0% used [0x00000000ffd80000,0x00000000ffd80000,0x0000000100000000)
 ParOldGen       total 182784K, used 121289K [0x00000000c2e00000, 0x00000000ce080000, 0x00000000eba00000)
  object space 182784K, 66% used [0x00000000c2e00000,0x00000000ca472500,0x00000000ce080000)
 Metaspace       used 33422K, capacity 33818K, committed 34096K, reserved 1079296K
  class space    used 4162K, capacity 4281K, committed 4400K, reserved 1048576K
}
Event: 442.301 GC heap before
{Heap before GC invocations=127 (full 15):
 PSYoungGen      total 331264K, used 133907K [0x00000000eba00000, 0x0000000100000000, 0x0000000100000000)
  eden space 328704K, 40% used [0x00000000eba00000,0x00000000f3b38020,0x00000000ffb00000)
  from space 2560K, 62% used [0x00000000ffb00000,0x00000000ffc8ce28,0x00000000ffd80000)
  to   space 2560K, 0% used [0x00000000ffd80000,0x00000000ffd80000,0x0000000100000000)
 ParOldGen       total 182784K, used 121289K [0x00000000c2e00000, 0x00000000ce080000, 0x00000000eba00000)
  object space 182784K, 66% used [0x00000000c2e00000,0x00000000ca472500,0x00000000ce080000)
 Metaspace       used 33450K, capacity 33882K, committed 34352K, reserved 1079296K
  class space    used 4162K, capacity 4281K, committed 4400K, reserved 1048576K
Event: 442.304 GC heap after
Heap after GC invocations=127 (full 15):
 PSYoungGen      total 330240K, used 2446K [0x00000000eba00000, 0x0000000100000000, 0x0000000100000000)
  eden space 327680K, 0% used [0x00000000eba00000,0x00000000eba00000,0x00000000ffa00000)
  from space 2560K, 95% used [0x00000000ffd80000,0x00000000fffe3ac0,0x0000000100000000)
  to   space 3072K, 0% used [0x00000000ffa00000,0x00000000ffa00000,0x00000000ffd00000)
 ParOldGen       total 182784K, used 121297K [0x00000000c2e00000, 0x00000000ce080000, 0x00000000eba00000)
  object space 182784K, 66% used [0x00000000c2e00000,0x00000000ca474500,0x00000000ce080000)
 Metaspace       used 33450K, capacity 33882K, committed 34352K, reserved 1079296K
  class space    used 4162K, capacity 4281K, committed 4400K, reserved 1048576K
}
Event: 442.304 GC heap before
{Heap before GC invocations=128 (full 16):
 PSYoungGen      total 330240K, used 2446K [0x00000000eba00000, 0x0000000100000000, 0x0000000100000000)
  eden space 327680K, 0% used [0x00000000eba00000,0x00000000eba00000,0x00000000ffa00000)
  from space 2560K, 95% used [0x00000000ffd80000,0x00000000fffe3ac0,0x0000000100000000)
  to   space 3072K, 0% used [0x00000000ffa00000,0x00000000ffa00000,0x00000000ffd00000)
 ParOldGen       total 182784K, used 121297K [0x00000000c2e00000, 0x00000000ce080000, 0x00000000eba00000)
  object space 182784K, 66% used [0x00000000c2e00000,0x00000000ca474500,0x00000000ce080000)
 Metaspace       used 33450K, capacity 33882K, committed 34352K, reserved 1079296K
  class space    used 4162K, capacity 4281K, committed 4400K, reserved 1048576K
Event: 442.498 GC heap after
Heap after GC invocations=128 (full 16):
 PSYoungGen      total 330240K, used 0K [0x00000000eba00000, 0x0000000100000000, 0x0000000100000000)
  eden space 327680K, 0% used [0x00000000eba00000,0x00000000eba00000,0x00000000ffa00000)
  from space 2560K, 0% used [0x00000000ffd80000,0x00000000ffd80000,0x0000000100000000)
  to   space 3072K, 0% used [0x00000000ffa00000,0x00000000ffa00000,0x00000000ffd00000)
 ParOldGen       total 182784K, used 121398K [0x00000000c2e00000, 0x00000000ce080000, 0x00000000eba00000)
  object space 182784K, 66% used [0x00000000c2e00000,0x00000000ca48d9a0,0x00000000ce080000)
 Metaspace       used 33450K, capacity 33882K, committed 34352K, reserved 1079296K
  class space    used 4162K, capacity 4281K, committed 4400K, reserved 1048576K
}
Event: 481.683 GC heap before
{Heap before GC invocations=129 (full 16):
 PSYoungGen      total 330240K, used 327680K [0x00000000eba00000, 0x0000000100000000, 0x0000000100000000)
  eden space 327680K, 100% used [0x00000000eba00000,0x00000000ffa00000,0x00000000ffa00000)
  from space 2560K, 0% used [0x00000000ffd80000,0x00000000ffd80000,0x0000000100000000)
  to   space 3072K, 0% used [0x00000000ffa00000,0x00000000ffa00000,0x00000000ffd00000)
 ParOldGen       total 182784K, used 121398K [0x00000000c2e00000, 0x00000000ce080000, 0x00000000eba00000)
  object space 182784K, 66% used [0x00000000c2e00000,0x00000000ca48d9a0,0x00000000ce080000)
 Metaspace       used 33465K, capacity 33882K, committed 34352K, reserved 1079296K
  class space    used 4162K, capacity 4281K, committed 4400K, reserved 1048576K
Event: 481.685 GC heap after
Heap after GC invocations=129 (full 16):
 PSYoungGen      total 330752K, used 281K [0x00000000eba00000, 0x0000000100000000, 0x0000000100000000)
  eden space 327680K, 0% used [0x00000000eba00000,0x00000000eba00000,0x00000000ffa00000)
  from space 3072K, 9% used [0x00000000ffa00000,0x00000000ffa46790,0x00000000ffd00000)
  to   space 3072K, 0% used [0x00000000ffd00000,0x00000000ffd00000,0x0000000100000000)
 ParOldGen       total 182784K, used 121406K [0x00000000c2e00000, 0x00000000ce080000, 0x00000000eba00000)
  object space 182784K, 66% used [0x00000000c2e00000,0x00000000ca48f9a0,0x00000000ce080000)
 Metaspace       used 33465K, capacity 33882K, committed 34352K, reserved 1079296K
  class space    used 4162K, capacity 4281K, committed 4400K, reserved 1048576K
}
Event: 1138.887 GC heap before
{Heap before GC invocations=130 (full 16):
 PSYoungGen      total 330752K, used 327961K [0x00000000eba00000, 0x0000000100000000, 0x0000000100000000)
  eden space 327680K, 100% used [0x00000000eba00000,0x00000000ffa00000,0x00000000ffa00000)
  from space 3072K, 9% used [0x00000000ffa00000,0x00000000ffa46790,0x00000000ffd00000)
  to   space 3072K, 0% used [0x00000000ffd00000,0x00000000ffd00000,0x0000000100000000)
 ParOldGen       total 182784K, used 121406K [0x00000000c2e00000, 0x00000000ce080000, 0x00000000eba00000)
  object space 182784K, 66% used [0x00000000c2e00000,0x00000000ca48f9a0,0x00000000ce080000)
 Metaspace       used 33483K, capacity 33882K, committed 34352K, reserved 1079296K
  class space    used 4163K, capacity 4281K, committed 4400K, reserved 1048576K
Event: 1138.889 GC heap after
Heap after GC invocations=130 (full 16):
 PSYoungGen      total 330752K, used 313K [0x00000000eba00000, 0x0000000100000000, 0x0000000100000000)
  eden space 327680K, 0% used [0x00000000eba00000,0x00000000eba00000,0x00000000ffa00000)
  from space 3072K, 10% used [0x00000000ffd00000,0x00000000ffd4e790,0x0000000100000000)
  to   space 3072K, 0% used [0x00000000ffa00000,0x00000000ffa00000,0x00000000ffd00000)
 ParOldGen       total 182784K, used 121414K [0x00000000c2e00000, 0x00000000ce080000, 0x00000000eba00000)
  object space 182784K, 66% used [0x00000000c2e00000,0x00000000ca4919a0,0x00000000ce080000)
 Metaspace       used 33483K, capacity 33882K, committed 34352K, reserved 1079296K
  class space    used 4163K, capacity 4281K, committed 4400K, reserved 1048576K
}

Deoptimization events (10 events):
Event: 1382.418 Thread 0x00007fbfdc27e000 Uncommon trap: reason=bimorphic action=maybe_recompile pc=0x00007fbfce40fd0c method=sun.awt.X11.XBaseWindow.dispatchEvent(Lsun/awt/X11/XEvent;)V @ 262
Event: 1384.153 Thread 0x00007fbf5c001800 Uncommon trap: reason=speculate_class_check action=maybe_recompile pc=0x00007fbfcdbc307c method=java.awt.Component.getNativeContainer()Ljava/awt/Container; @ 1
Event: 1384.918 Thread 0x00007fbf5c001800 Uncommon trap: reason=unstable_if action=reinterpret pc=0x00007fbfcd96e14c method=imp.data.Part$PartIterator.hasNext()Z @ 22
Event: 1385.536 Thread 0x00007fbf5c001800 Uncommon trap: reason=unstable_if action=reinterpret pc=0x00007fbfce6b80d8 method=java.awt.Component.areInputMethodsEnabled()Z @ 10
Event: 1386.100 Thread 0x00007fbf5c001800 Uncommon trap: reason=unstable_if action=reinterpret pc=0x00007fbfcea679bc method=java.awt.KeyboardFocusManager.clearMostRecentFocusOwner(Ljava/awt/Component;)V @ 88
Event: 1386.102 Thread 0x00007fbfdc27e000 Uncommon trap: reason=bimorphic action=maybe_recompile pc=0x00007fbfce40fd0c method=sun.awt.X11.XBaseWindow.dispatchEvent(Lsun/awt/X11/XEvent;)V @ 262
Event: 1541.334 Thread 0x00007fbf50171000 Uncommon trap: reason=unstable_if action=reinterpret pc=0x00007fbfcd44e61c method=java.util.TreeMap.getFirstEntry()Ljava/util/TreeMap$Entry; @ 13
Event: 1541.340 Thread 0x00007fbf50171000 Uncommon trap: reason=unstable_if action=reinterpret pc=0x00007fbfcd2643f8 method=com.sun.media.sound.SoftVoice.mixAudioStream(Lcom/sun/media/sound/SoftAudioBuffer;Lcom/sun/media/sound/SoftAudioBuffer;Lcom/sun/media/sound/SoftAudioBuffer;FF)V @ 35
Event: 1541.340 Thread 0x00007fbf50171000 Uncommon trap: reason=unstable_if action=reinterpret pc=0x00007fbfcd60037c method=com.sun.media.sound.SoftAudioBuffer.array()[F @ 9
Event: 1541.347 Thread 0x00007fbf50171000 Uncommon trap: reason=unstable_if action=reinterpret pc=0x00007fbfce188530 method=com.sun.media.sound.SoftMainMixer.processAudioBuffers()V @ 171

Internal exceptions (10 events):
Event: 351.932 Thread 0x00007fbf5c001800 Exception <a 'java/lang/NullPointerException'> (0x00000000f0545230) thrown at [/HUDSON/workspace/8-2-build-linux-amd64/jdk8u131/8869/hotspot/src/share/vm/runtime/sharedRuntime.cpp, line 605]
Event: 1385.050 Thread 0x00007fbf5c001800 Exception <a 'java/lang/UnsupportedOperationException': > (0x00000000edf92500) thrown at [/HUDSON/workspace/8-2-build-linux-amd64/jdk8u131/8869/hotspot/src/share/vm/prims/jni.cpp, line 735]
Event: 1386.281 Thread 0x00007fbf5c001800 Exception <a 'java/io/IOException'> (0x00000000ee0b98d0) thrown at [/HUDSON/workspace/8-2-build-linux-amd64/jdk8u131/8869/hotspot/src/share/vm/prims/jni.cpp, line 709]
Event: 1386.282 Thread 0x00007fbf5c001800 Exception <a 'java/io/IOException'> (0x00000000ee0b9da0) thrown at [/HUDSON/workspace/8-2-build-linux-amd64/jdk8u131/8869/hotspot/src/share/vm/prims/jni.cpp, line 709]
Event: 1386.282 Thread 0x00007fbf5c001800 Exception <a 'java/io/IOException'> (0x00000000ee0ba220) thrown at [/HUDSON/workspace/8-2-build-linux-amd64/jdk8u131/8869/hotspot/src/share/vm/prims/jni.cpp, line 709]
Event: 1386.282 Thread 0x00007fbf5c001800 Exception <a 'java/io/IOException'> (0x00000000ee0ba670) thrown at [/HUDSON/workspace/8-2-build-linux-amd64/jdk8u131/8869/hotspot/src/share/vm/prims/jni.cpp, line 709]
Event: 1386.282 Thread 0x00007fbf5c001800 Exception <a 'java/io/IOException'> (0x00000000ee0baaf0) thrown at [/HUDSON/workspace/8-2-build-linux-amd64/jdk8u131/8869/hotspot/src/share/vm/prims/jni.cpp, line 709]
Event: 1386.282 Thread 0x00007fbf5c001800 Exception <a 'java/io/IOException'> (0x00000000ee0baf40) thrown at [/HUDSON/workspace/8-2-build-linux-amd64/jdk8u131/8869/hotspot/src/share/vm/prims/jni.cpp, line 709]
Event: 1386.282 Thread 0x00007fbf5c001800 Exception <a 'java/io/IOException'> (0x00000000ee0bb3c0) thrown at [/HUDSON/workspace/8-2-build-linux-amd64/jdk8u131/8869/hotspot/src/share/vm/prims/jni.cpp, line 709]
Event: 1386.282 Thread 0x00007fbf5c001800 Exception <a 'java/io/IOException'> (0x00000000ee0bb810) thrown at [/HUDSON/workspace/8-2-build-linux-amd64/jdk8u131/8869/hotspot/src/share/vm/prims/jni.cpp, line 709]

Events (10 events):
Event: 1541.530 Thread 0x00007fbf50171000 DEOPT PACKING pc=0x00007fbfce9a6801 sp=0x00007fbf7b7fc3c0
Event: 1541.530 Thread 0x00007fbf50171000 DEOPT UNPACKING pc=0x00007fbfcd047633 sp=0x00007fbf7b7fc148 mode 0
Event: 1541.545 Thread 0x00007fbf50171000 DEOPT PACKING pc=0x00007fbfce2f4b62 sp=0x00007fbf7b7fc2e0
Event: 1541.545 Thread 0x00007fbf50171000 DEOPT UNPACKING pc=0x00007fbfcd047633 sp=0x00007fbf7b7fbff8 mode 0
Event: 1541.782 Thread 0x00007fbf50171000 DEOPT PACKING pc=0x00007fbfce9a6801 sp=0x00007fbf7b7fc3c0
Event: 1541.782 Thread 0x00007fbf50171000 DEOPT UNPACKING pc=0x00007fbfcd047633 sp=0x00007fbf7b7fc148 mode 0
Event: 1542.034 Thread 0x00007fbf50171000 DEOPT PACKING pc=0x00007fbfce9a6801 sp=0x00007fbf7b7fc3c0
Event: 1542.034 Thread 0x00007fbf50171000 DEOPT UNPACKING pc=0x00007fbfcd047633 sp=0x00007fbf7b7fc148 mode 0
Event: 1595.616 Thread 0x00007fbfdc0bc000 flushing nmethod 0x00007fbfcd381990
Event: 1621.074 loading class sun/misc/Signal$1


Dynamic libraries:
00400000-00401000 r-xp 00000000 08:01 8783737                            /usr/local/jdk1.8.0_131/jre/bin/java
00600000-00601000 rw-p 00000000 08:01 8783737                            /usr/local/jdk1.8.0_131/jre/bin/java
01984000-019a5000 rw-p 00000000 00:00 0                                  [heap]
c2e00000-ce080000 rw-p 00000000 00:00 0 
ce080000-eba00000 ---p 00000000 00:00 0 
eba00000-100000000 rw-p 00000000 00:00 0 
100000000-10044c000 rw-p 00000000 00:00 0 
10044c000-140000000 ---p 00000000 00:00 0 
7fbf38000000-7fbf38021000 rw-p 00000000 00:00 0 
7fbf38021000-7fbf3c000000 ---p 00000000 00:00 0 
7fbf40000000-7fbf40021000 rw-p 00000000 00:00 0 
7fbf40021000-7fbf44000000 ---p 00000000 00:00 0 
7fbf44000000-7fbf44021000 rw-p 00000000 00:00 0 
7fbf44021000-7fbf48000000 ---p 00000000 00:00 0 
7fbf48000000-7fbf480d2000 rw-p 00000000 00:00 0 
7fbf480d2000-7fbf4c000000 ---p 00000000 00:00 0 
7fbf4c000000-7fbf4c026000 rw-p 00000000 00:00 0 
7fbf4c026000-7fbf50000000 ---p 00000000 00:00 0 
7fbf50000000-7fbf50290000 rw-p 00000000 00:00 0 
7fbf50290000-7fbf54000000 ---p 00000000 00:00 0 
7fbf54000000-7fbf540de000 rw-p 00000000 00:00 0 
7fbf540de000-7fbf58000000 ---p 00000000 00:00 0 
7fbf58000000-7fbf58021000 rw-p 00000000 00:00 0 
7fbf58021000-7fbf5c000000 ---p 00000000 00:00 0 
7fbf5c000000-7fbf5c021000 rw-p 00000000 00:00 0 
7fbf5c021000-7fbf60000000 ---p 00000000 00:00 0 
7fbf60000000-7fbf60021000 rw-p 00000000 00:00 0 
7fbf60021000-7fbf64000000 ---p 00000000 00:00 0 
7fbf67fff000-7fbf6c000000 rw-s 00000000 00:15 5                          /dev/shm/pulse-shm-1147171686
7fbf6c000000-7fbf6c021000 rw-p 00000000 00:00 0 
7fbf6c021000-7fbf70000000 ---p 00000000 00:00 0 
7fbf70000000-7fbf7028f000 rw-p 00000000 00:00 0 
7fbf7028f000-7fbf74000000 ---p 00000000 00:00 0 
7fbf74000000-7fbf74021000 rw-p 00000000 00:00 0 
7fbf74021000-7fbf78000000 ---p 00000000 00:00 0 
7fbf7894b000-7fbf78a8b000 rw-p 00000000 00:00 0 
7fbf78a8b000-7fbf78b4b000 ---p 00000000 00:00 0 
7fbf78b4b000-7fbf78b4e000 ---p 00000000 00:00 0 
7fbf78b4e000-7fbf78c4c000 rw-p 00000000 00:00 0 
7fbf78c4c000-7fbf78c4f000 ---p 00000000 00:00 0 
7fbf78c4f000-7fbf78d4d000 rw-p 00000000 00:00 0 
7fbf78d4d000-7fbf78d50000 ---p 00000000 00:00 0 
7fbf78d50000-7fbf78e4e000 rw-p 00000000 00:00 0 
7fbf78e4e000-7fbf78e51000 ---p 00000000 00:00 0 
7fbf78e51000-7fbf78f4f000 rw-p 00000000 00:00 0 
7fbf78f4f000-7fbf78f52000 ---p 00000000 00:00 0 
7fbf78f52000-7fbf79050000 rw-p 00000000 00:00 0 
7fbf79050000-7fbf79053000 ---p 00000000 00:00 0 
7fbf79053000-7fbf79151000 rw-p 00000000 00:00 0 
7fbf79151000-7fbf79154000 ---p 00000000 00:00 0 
7fbf79154000-7fbf79452000 rw-p 00000000 00:00 0 
7fbf79452000-7fbf7947c000 r-xp 00000000 08:01 8261141                    /usr/local/jdk1.8.0_131/jre/lib/amd64/libdcpr.so
7fbf7947c000-7fbf7967c000 ---p 0002a000 08:01 8261141                    /usr/local/jdk1.8.0_131/jre/lib/amd64/libdcpr.so
7fbf7967c000-7fbf7967f000 rw-p 0002a000 08:01 8261141                    /usr/local/jdk1.8.0_131/jre/lib/amd64/libdcpr.so
7fbf7967f000-7fbf79689000 r-xp 00000000 08:01 4333328                    /usr/lib/x86_64-linux-gnu/libXrandr.so.2.2.0
7fbf79689000-7fbf79888000 ---p 0000a000 08:01 4333328                    /usr/lib/x86_64-linux-gnu/libXrandr.so.2.2.0
7fbf79888000-7fbf79889000 r--p 00009000 08:01 4333328                    /usr/lib/x86_64-linux-gnu/libXrandr.so.2.2.0
7fbf79889000-7fbf7988a000 rw-p 0000a000 08:01 4333328                    /usr/lib/x86_64-linux-gnu/libXrandr.so.2.2.0
7fbf7988a000-7fbf79a8a000 rw-p 00000000 00:00 0 
7fbf79a8a000-7fbf79a95000 r--s 00000000 08:01 5376502                    /var/cache/fontconfig/945677eb7aeaf62f1d50efc3fb3ec7d8-le64.cache-6
7fbf79a95000-7fbf79a9b000 r--s 00000000 08:01 5376484                    /var/cache/fontconfig/2cd17615ca594fa2959ae173292e504c-le64.cache-6
7fbf79a9b000-7fbf79a9c000 r--s 00000000 08:01 5376481                    /var/cache/fontconfig/0d8c3b2ac0904cb8a57a757ad11a4a08-le64.cache-6
7fbf79a9c000-7fbf79ab1000 r--s 00000000 08:01 5376478                    /var/cache/fontconfig/04aabc0a78ac019cf9454389977116d2-le64.cache-6
7fbf79ab1000-7fbf79ab2000 r--s 00000000 08:01 5376483                    /var/cache/fontconfig/1ac9eb803944fde146138c791f5cc56a-le64.cache-6
7fbf79ab2000-7fbf79ab6000 r--s 00000000 08:01 5376488                    /var/cache/fontconfig/385c0604a188198f04d133e54aba7fe7-le64.cache-6
7fbf79ab6000-7fbf79ab7000 r--s 00000000 08:01 5376515                    /var/cache/fontconfig/dc05db6664285cc2f12bf69c139ae4c3-le64.cache-6
7fbf79ab7000-7fbf79aba000 r--s 00000000 08:01 5376498                    /var/cache/fontconfig/767a8244fc0220cfb567a839d0392e0b-le64.cache-6
7fbf79aba000-7fbf79abb000 r--s 00000000 08:01 5375796                    /var/cache/fontconfig/4794a0821666d79190d59a36cb4f44b5-le64.cache-6
7fbf79abb000-7fbf79ac0000 r--s 00000000 08:01 5376501                    /var/cache/fontconfig/8801497958630a81b71ace7c5f9b32a8-le64.cache-6
7fbf79ac0000-7fbf79ac1000 r--s 00000000 08:01 5376508                    /var/cache/fontconfig/bab58bb527bb656aaa9f116d68a48d89-le64.cache-6
7fbf79ac1000-7fbf79ac8000 r--s 00000000 08:01 5376485                    /var/cache/fontconfig/3047814df9a2f067bd2d96a2b9c36e5a-le64.cache-6
7fbf79ac8000-7fbf79ac9000 r--s 00000000 08:01 5376492                    /var/cache/fontconfig/56cf4f4769d0f4abc89a4895d7bd3ae1-le64.cache-6
7fbf79ac9000-7fbf79adc000 r--s 00000000 08:01 5376512                    /var/cache/fontconfig/d52a8644073d54c13679302ca1180695-le64.cache-6
7fbf79adc000-7fbf79ae7000 r--s 00000000 08:01 5374265                    /var/cache/fontconfig/d589a48862398ed80a3d6066f4f56f4c-le64.cache-6
7fbf79b28000-7fbf79b2b000 ---p 00000000 00:00 0 
7fbf79b2b000-7fbf79e29000 rw-p 00000000 00:00 0 
7fbf79e29000-7fbf79e2c000 ---p 00000000 00:00 0 
7fbf79e2c000-7fbf7a12a000 rw-p 00000000 00:00 0 
7fbf7a12a000-7fbf7a32a000 rw-p 00000000 00:00 0 
7fbf7a33b000-7fbf7a33e000 ---p 00000000 00:00 0 
7fbf7a33e000-7fbf7a63c000 rw-p 00000000 00:00 0 
7fbf7a63c000-7fbf7a83c000 rw-p 00000000 00:00 0 
7fbf7a83c000-7fbf7aa3c000 rw-p 00000000 00:00 0 
7fbf7aa77000-7fbf7aa7a000 ---p 00000000 00:00 0 
7fbf7aa7a000-7fbf7ab78000 rw-p 00000000 00:00 0 
7fbf7ab78000-7fbf7ab7b000 ---p 00000000 00:00 0 
7fbf7ab7b000-7fbf7ac79000 rw-p 00000000 00:00 0 
7fbf7ac79000-7fbf7ace2000 r-xp 00000000 08:01 8261152                    /usr/local/jdk1.8.0_131/jre/lib/amd64/libt2k.so
7fbf7ace2000-7fbf7aee2000 ---p 00069000 08:01 8261152                    /usr/local/jdk1.8.0_131/jre/lib/amd64/libt2k.so
7fbf7aee2000-7fbf7aee9000 rw-p 00069000 08:01 8261152                    /usr/local/jdk1.8.0_131/jre/lib/amd64/libt2k.so
7fbf7aee9000-7fbf7aef9000 rw-p 00000000 00:00 0 
7fbf7aef9000-7fbf7aefc000 ---p 00000000 00:00 0 
7fbf7aefc000-7fbf7b1fa000 rw-p 00000000 00:00 0 
7fbf7b1fa000-7fbf7b1fd000 ---p 00000000 00:00 0 
7fbf7b1fd000-7fbf7b2fb000 rw-p 00000000 00:00 0 
7fbf7b2fb000-7fbf7b2fe000 ---p 00000000 00:00 0 
7fbf7b2fe000-7fbf7b5fc000 rw-p 00000000 00:00 0 
7fbf7b5fc000-7fbf7b5ff000 ---p 00000000 00:00 0 
7fbf7b5ff000-7fbf7b6fd000 rw-p 00000000 00:00 0 
7fbf7b6fd000-7fbf7b700000 ---p 00000000 00:00 0 
7fbf7b700000-7fbf7b7fe000 rw-p 00000000 00:00 0 
7fbf7b7fe000-7fbf7b7ff000 ---p 00000000 00:00 0 
7fbf7b7ff000-7fbf7bfff000 rw-p 00000000 00:00 0 
7fbf7bfff000-7fbf80000000 rw-s 00000000 00:15 28                         /dev/shm/pulse-shm-2809564088
7fbf80000000-7fbf80021000 rw-p 00000000 00:00 0 
7fbf80021000-7fbf84000000 ---p 00000000 00:00 0 
7fbf84000000-7fbf84021000 rw-p 00000000 00:00 0 
7fbf84021000-7fbf88000000 ---p 00000000 00:00 0 
7fbf88000000-7fbf88021000 rw-p 00000000 00:00 0 
7fbf88021000-7fbf8c000000 ---p 00000000 00:00 0 
7fbf8c000000-7fbf8c03e000 rw-p 00000000 00:00 0 
7fbf8c03e000-7fbf90000000 ---p 00000000 00:00 0 
7fbf90000000-7fbf90021000 rw-p 00000000 00:00 0 
7fbf90021000-7fbf94000000 ---p 00000000 00:00 0 
7fbf94000000-7fbf94021000 rw-p 00000000 00:00 0 
7fbf94021000-7fbf98000000 ---p 00000000 00:00 0 
7fbf98000000-7fbf9b4b5000 rw-p 00000000 00:00 0 
7fbf9b4b5000-7fbf9c000000 ---p 00000000 00:00 0 
7fbf9c000000-7fbf9cc55000 rw-p 00000000 00:00 0 
7fbf9cc55000-7fbfa0000000 ---p 00000000 00:00 0 
7fbfa0000000-7fbfa0021000 rw-p 00000000 00:00 0 
7fbfa0021000-7fbfa4000000 ---p 00000000 00:00 0 
7fbfa4000000-7fbfa73be000 rw-p 00000000 00:00 0 
7fbfa73be000-7fbfa8000000 ---p 00000000 00:00 0 
7fbfa8000000-7fbfa8021000 rw-p 00000000 00:00 0 
7fbfa8021000-7fbfac000000 ---p 00000000 00:00 0 
7fbfac000000-7fbfac021000 rw-p 00000000 00:00 0 
7fbfac021000-7fbfb0000000 ---p 00000000 00:00 0 
7fbfb0000000-7fbfb0024000 rw-p 00000000 00:00 0 
7fbfb0024000-7fbfb4000000 ---p 00000000 00:00 0 
7fbfb4000000-7fbfb4112000 rw-p 00000000 00:00 0 
7fbfb4112000-7fbfb8000000 ---p 00000000 00:00 0 
7fbfb8000000-7fbfb8021000 rw-p 00000000 00:00 0 
7fbfb8021000-7fbfbc000000 ---p 00000000 00:00 0 
7fbfbc000000-7fbfbc001000 r--s 00000000 08:01 5376507                    /var/cache/fontconfig/b9d506c9ac06c20b433354fa67a72993-le64.cache-6
7fbfbc001000-7fbfbc00c000 r--s 00000000 08:01 5376500                    /var/cache/fontconfig/83bf95040141907cd45bb53cf7c1c148-le64.cache-6
7fbfbc00c000-7fbfbc01e000 r--s 00000000 08:01 5376504                    /var/cache/fontconfig/9b89f8e3dae116d678bbf48e5f21f69b-le64.cache-6
7fbfbc01e000-7fbfbc023000 r--s 00099000 08:01 4861223                    /usr/local/jdk1.8.0_131/jre/lib/jsse.jar
7fbfbc023000-7fbfbc033000 rw-s 00000000 00:05 701857809                  /SYSV00000000 (deleted)
7fbfbc036000-7fbfbc039000 ---p 00000000 00:00 0 
7fbfbc039000-7fbfbc137000 rw-p 00000000 00:00 0 
7fbfbc137000-7fbfbc13d000 r-xp 00000000 08:01 4589771                    /usr/lib/x86_64-linux-gnu/alsa-lib/libasound_module_pcm_pulse.so
7fbfbc13d000-7fbfbc33c000 ---p 00006000 08:01 4589771                    /usr/lib/x86_64-linux-gnu/alsa-lib/libasound_module_pcm_pulse.so
7fbfbc33c000-7fbfbc33d000 r--p 00005000 08:01 4589771                    /usr/lib/x86_64-linux-gnu/alsa-lib/libasound_module_pcm_pulse.so
7fbfbc33d000-7fbfbc33e000 rw-p 00006000 08:01 4589771                    /usr/lib/x86_64-linux-gnu/alsa-lib/libasound_module_pcm_pulse.so
7fbfbc33e000-7fbfbc368000 r-xp 00000000 08:01 4334581                    /usr/lib/x86_64-linux-gnu/libvorbis.so.0.4.8
7fbfbc368000-7fbfbc568000 ---p 0002a000 08:01 4334581                    /usr/lib/x86_64-linux-gnu/libvorbis.so.0.4.8
7fbfbc568000-7fbfbc569000 r--p 0002a000 08:01 4334581                    /usr/lib/x86_64-linux-gnu/libvorbis.so.0.4.8
7fbfbc569000-7fbfbc56a000 rw-p 0002b000 08:01 4334581                    /usr/lib/x86_64-linux-gnu/libvorbis.so.0.4.8
7fbfbc56a000-7fbfbc571000 r-xp 00000000 08:01 4334221                    /usr/lib/x86_64-linux-gnu/libogg.so.0.8.2
7fbfbc571000-7fbfbc771000 ---p 00007000 08:01 4334221                    /usr/lib/x86_64-linux-gnu/libogg.so.0.8.2
7fbfbc771000-7fbfbc772000 r--p 00007000 08:01 4334221                    /usr/lib/x86_64-linux-gnu/libogg.so.0.8.2
7fbfbc772000-7fbfbc773000 rw-p 00008000 08:01 4334221                    /usr/lib/x86_64-linux-gnu/libogg.so.0.8.2
7fbfbc773000-7fbfbc785000 r-xp 00000000 08:01 16126403                   /lib/x86_64-linux-gnu/libgpg-error.so.0.17.0
7fbfbc785000-7fbfbc985000 ---p 00012000 08:01 16126403                   /lib/x86_64-linux-gnu/libgpg-error.so.0.17.0
7fbfbc985000-7fbfbc986000 r--p 00012000 08:01 16126403                   /lib/x86_64-linux-gnu/libgpg-error.so.0.17.0
7fbfbc986000-7fbfbc987000 rw-p 00013000 08:01 16126403                   /lib/x86_64-linux-gnu/libgpg-error.so.0.17.0
7fbfbc987000-7fbfbc9f5000 r-xp 00000000 08:01 16126488                   /lib/x86_64-linux-gnu/libpcre.so.3.13.2
7fbfbc9f5000-7fbfbcbf5000 ---p 0006e000 08:01 16126488                   /lib/x86_64-linux-gnu/libpcre.so.3.13.2
7fbfbcbf5000-7fbfbcbf6000 r--p 0006e000 08:01 16126488                   /lib/x86_64-linux-gnu/libpcre.so.3.13.2
7fbfbcbf6000-7fbfbcbf7000 rw-p 0006f000 08:01 16126488                   /lib/x86_64-linux-gnu/libpcre.so.3.13.2
7fbfbcbf7000-7fbfbcc0e000 r-xp 00000000 08:01 16127472                   /lib/x86_64-linux-gnu/libresolv-2.23.so
7fbfbcc0e000-7fbfbce0e000 ---p 00017000 08:01 16127472                   /lib/x86_64-linux-gnu/libresolv-2.23.so
7fbfbce0e000-7fbfbce0f000 r--p 00017000 08:01 16127472                   /lib/x86_64-linux-gnu/libresolv-2.23.so
7fbfbce0f000-7fbfbce10000 rw-p 00018000 08:01 16127472                   /lib/x86_64-linux-gnu/libresolv-2.23.so
7fbfbce10000-7fbfbce12000 rw-p 00000000 00:00 0 
7fbfbce12000-7fbfbce9f000 r-xp 00000000 08:01 4334583                    /usr/lib/x86_64-linux-gnu/libvorbisenc.so.2.0.11
7fbfbce9f000-7fbfbd09e000 ---p 0008d000 08:01 4334583                    /usr/lib/x86_64-linux-gnu/libvorbisenc.so.2.0.11
7fbfbd09e000-7fbfbd0ba000 r--p 0008c000 08:01 4334583                    /usr/lib/x86_64-linux-gnu/libvorbisenc.so.2.0.11
7fbfbd0ba000-7fbfbd0bb000 rw-p 000a8000 08:01 4334583                    /usr/lib/x86_64-linux-gnu/libvorbisenc.so.2.0.11
7fbfbd0bb000-7fbfbd12e000 r-xp 00000000 08:01 4333149                    /usr/lib/x86_64-linux-gnu/libFLAC.so.8.3.0
7fbfbd12e000-7fbfbd32e000 ---p 00073000 08:01 4333149                    /usr/lib/x86_64-linux-gnu/libFLAC.so.8.3.0
7fbfbd32e000-7fbfbd32f000 r--p 00073000 08:01 4333149                    /usr/lib/x86_64-linux-gnu/libFLAC.so.8.3.0
7fbfbd32f000-7fbfbd330000 rw-p 00074000 08:01 4333149                    /usr/lib/x86_64-linux-gnu/libFLAC.so.8.3.0
7fbfbd330000-7fbfbd408000 r-xp 00000000 08:01 16127994                   /lib/x86_64-linux-gnu/libgcrypt.so.20.0.5
7fbfbd408000-7fbfbd607000 ---p 000d8000 08:01 16127994                   /lib/x86_64-linux-gnu/libgcrypt.so.20.0.5
7fbfbd607000-7fbfbd608000 r--p 000d7000 08:01 16127994                   /lib/x86_64-linux-gnu/libgcrypt.so.20.0.5
7fbfbd608000-7fbfbd610000 rw-p 000d8000 08:01 16127994                   /lib/x86_64-linux-gnu/libgcrypt.so.20.0.5
7fbfbd610000-7fbfbd611000 rw-p 00000000 00:00 0 
7fbfbd611000-7fbfbd632000 r-xp 00000000 08:01 16126426                   /lib/x86_64-linux-gnu/liblzma.so.5.0.0
7fbfbd632000-7fbfbd831000 ---p 00021000 08:01 16126426                   /lib/x86_64-linux-gnu/liblzma.so.5.0.0
7fbfbd831000-7fbfbd832000 r--p 00020000 08:01 16126426                   /lib/x86_64-linux-gnu/liblzma.so.5.0.0
7fbfbd832000-7fbfbd833000 rw-p 00021000 08:01 16126426                   /lib/x86_64-linux-gnu/liblzma.so.5.0.0
7fbfbd833000-7fbfbd852000 r-xp 00000000 08:01 16126517                   /lib/x86_64-linux-gnu/libselinux.so.1
7fbfbd852000-7fbfbda51000 ---p 0001f000 08:01 16126517                   /lib/x86_64-linux-gnu/libselinux.so.1
7fbfbda51000-7fbfbda52000 r--p 0001e000 08:01 16126517                   /lib/x86_64-linux-gnu/libselinux.so.1
7fbfbda52000-7fbfbda53000 rw-p 0001f000 08:01 16126517                   /lib/x86_64-linux-gnu/libselinux.so.1
7fbfbda53000-7fbfbda55000 rw-p 00000000 00:00 0 
7fbfbda55000-7fbfbda5a000 r-xp 00000000 08:01 4333399                    /usr/lib/x86_64-linux-gnu/libasyncns.so.0.3.1
7fbfbda5a000-7fbfbdc59000 ---p 00005000 08:01 4333399                    /usr/lib/x86_64-linux-gnu/libasyncns.so.0.3.1
7fbfbdc59000-7fbfbdc5a000 r--p 00004000 08:01 4333399                    /usr/lib/x86_64-linux-gnu/libasyncns.so.0.3.1
7fbfbdc5a000-7fbfbdc5b000 rw-p 00005000 08:01 4333399                    /usr/lib/x86_64-linux-gnu/libasyncns.so.0.3.1
7fbfbdc5b000-7fbfbdcbd000 r-xp 00000000 08:01 4331917                    /usr/lib/x86_64-linux-gnu/libsndfile.so.1.0.25
7fbfbdcbd000-7fbfbdebd000 ---p 00062000 08:01 4331917                    /usr/lib/x86_64-linux-gnu/libsndfile.so.1.0.25
7fbfbdebd000-7fbfbdebf000 r--p 00062000 08:01 4331917                    /usr/lib/x86_64-linux-gnu/libsndfile.so.1.0.25
7fbfbdebf000-7fbfbdec0000 rw-p 00064000 08:01 4331917                    /usr/lib/x86_64-linux-gnu/libsndfile.so.1.0.25
7fbfbdec0000-7fbfbdec4000 rw-p 00000000 00:00 0 
7fbfbdec4000-7fbfbdecc000 r-xp 00000000 08:01 16126545                   /lib/x86_64-linux-gnu/libwrap.so.0.7.6
7fbfbdecc000-7fbfbe0cb000 ---p 00008000 08:01 16126545                   /lib/x86_64-linux-gnu/libwrap.so.0.7.6
7fbfbe0cb000-7fbfbe0cc000 r--p 00007000 08:01 16126545                   /lib/x86_64-linux-gnu/libwrap.so.0.7.6
7fbfbe0cc000-7fbfbe0cd000 rw-p 00008000 08:01 16126545                   /lib/x86_64-linux-gnu/libwrap.so.0.7.6
7fbfbe0cd000-7fbfbe0ce000 rw-p 00000000 00:00 0 
7fbfbe0ce000-7fbfbe14e000 r-xp 00000000 08:01 16126527                   /lib/x86_64-linux-gnu/libsystemd.so.0.14.0
7fbfbe14e000-7fbfbe151000 r--p 0007f000 08:01 16126527                   /lib/x86_64-linux-gnu/libsystemd.so.0.14.0
7fbfbe151000-7fbfbe152000 rw-p 00082000 08:01 16126527                   /lib/x86_64-linux-gnu/libsystemd.so.0.14.0
7fbfbe152000-7fbfbe153000 rw-p 00000000 00:00 0 
7fbfbe153000-7fbfbe19d000 r-xp 00000000 08:01 16126375                   /lib/x86_64-linux-gnu/libdbus-1.so.3.14.6
7fbfbe19d000-7fbfbe39d000 ---p 0004a000 08:01 16126375                   /lib/x86_64-linux-gnu/libdbus-1.so.3.14.6
7fbfbe39d000-7fbfbe39e000 r--p 0004a000 08:01 16126375                   /lib/x86_64-linux-gnu/libdbus-1.so.3.14.6
7fbfbe39e000-7fbfbe39f000 rw-p 0004b000 08:01 16126375                   /lib/x86_64-linux-gnu/libdbus-1.so.3.14.6
7fbfbe39f000-7fbfbe419000 r-xp 00000000 08:01 4590525                    /usr/lib/x86_64-linux-gnu/pulseaudio/libpulsecommon-8.0.so
7fbfbe419000-7fbfbe618000 ---p 0007a000 08:01 4590525                    /usr/lib/x86_64-linux-gnu/pulseaudio/libpulsecommon-8.0.so
7fbfbe618000-7fbfbe619000 r--p 00079000 08:01 4590525                    /usr/lib/x86_64-linux-gnu/pulseaudio/libpulsecommon-8.0.so
7fbfbe619000-7fbfbe61a000 rw-p 0007a000 08:01 4590525                    /usr/lib/x86_64-linux-gnu/pulseaudio/libpulsecommon-8.0.so
7fbfbe61a000-7fbfbe624000 r-xp 00000000 08:01 16126418                   /lib/x86_64-linux-gnu/libjson-c.so.2.0.0
7fbfbe624000-7fbfbe823000 ---p 0000a000 08:01 16126418                   /lib/x86_64-linux-gnu/libjson-c.so.2.0.0
7fbfbe823000-7fbfbe824000 r--p 00009000 08:01 16126418                   /lib/x86_64-linux-gnu/libjson-c.so.2.0.0
7fbfbe824000-7fbfbe825000 rw-p 0000a000 08:01 16126418                   /lib/x86_64-linux-gnu/libjson-c.so.2.0.0
7fbfbe825000-7fbfbe873000 r-xp 00000000 08:01 4334313                    /usr/lib/x86_64-linux-gnu/libpulse.so.0.19.0
7fbfbe873000-7fbfbea73000 ---p 0004e000 08:01 4334313                    /usr/lib/x86_64-linux-gnu/libpulse.so.0.19.0
7fbfbea73000-7fbfbea74000 r--p 0004e000 08:01 4334313                    /usr/lib/x86_64-linux-gnu/libpulse.so.0.19.0
7fbfbea74000-7fbfbea75000 rw-p 0004f000 08:01 4334313                    /usr/lib/x86_64-linux-gnu/libpulse.so.0.19.0
7fbfbea75000-7fbfbea7b000 r--s 00000000 08:01 5376506                    /var/cache/fontconfig/b47c4e1ecd0709278f4910c18777a504-le64.cache-6
7fbfbea7b000-7fbfbea7c000 r--s 00000000 08:01 5376491                    /var/cache/fontconfig/551ecf3b0e8b0bca0f25c0944f561853-le64.cache-6
7fbfbea7c000-7fbfbea7f000 r--s 00000000 08:01 5376497                    /var/cache/fontconfig/75114ca45c98e8a441da0ff356701271-le64.cache-6
7fbfbea7f000-7fbfbea82000 r--s 00000000 08:01 5376516                    /var/cache/fontconfig/e13b20fdb08344e0e664864cc2ede53d-le64.cache-6
7fbfbea82000-7fbfbea86000 r--s 00000000 08:01 5374132                    /var/cache/fontconfig/7ef2298fde41cc6eeb7af42e48b7d293-le64.cache-6
7fbfbea86000-7fbfbea8d000 r--s 00000000 08:01 4592849                    /usr/lib/x86_64-linux-gnu/gconv/gconv-modules.cache
7fbfbea8d000-7fbfbea90000 ---p 00000000 00:00 0 
7fbfbea90000-7fbfbeb8e000 rw-p 00000000 00:00 0 
7fbfbeb8e000-7fbfbeb91000 ---p 00000000 00:00 0 
7fbfbeb91000-7fbfbec8f000 rw-p 00000000 00:00 0 
7fbfbec8f000-7fbfbec91000 r--s 00013000 08:01 20185153                   /home/cssummer17/NetBeansProjects/V6/Impro-Visor/lib/xml-resolver-1.2.jar
7fbfbec91000-7fbfbec96000 r--s 00016000 08:01 20185164                   /home/cssummer17/NetBeansProjects/V6/Impro-Visor/lib/xml-apis-1.0.b2.jar
7fbfbec96000-7fbfbec9e000 r--s 0009a000 08:01 20185157                   /home/cssummer17/NetBeansProjects/V6/Impro-Visor/lib/vectorz-0.48.0.jar
7fbfbec9e000-7fbfbeca5000 r--s 00057000 08:01 20185154                   /home/cssummer17/NetBeansProjects/V6/Impro-Visor/lib/vectorz-0.48.0-sources.jar
7fbfbeca5000-7fbfbecb6000 r--s 0025d000 08:01 20185150                   /home/cssummer17/NetBeansProjects/V6/Impro-Visor/lib/vectorz-0.48.0-javadoc.jar
7fbfbecb6000-7fbfbedaf000 r-xp 00000000 08:01 4333389                    /usr/lib/x86_64-linux-gnu/libasound.so.2.0.0
7fbfbedaf000-7fbfbefae000 ---p 000f9000 08:01 4333389                    /usr/lib/x86_64-linux-gnu/libasound.so.2.0.0
7fbfbefae000-7fbfbefb5000 r--p 000f8000 08:01 4333389                    /usr/lib/x86_64-linux-gnu/libasound.so.2.0.0
7fbfbefb5000-7fbfbefb6000 rw-p 000ff000 08:01 4333389                    /usr/lib/x86_64-linux-gnu/libasound.so.2.0.0
7fbfbefb6000-7fbfbefc5000 r-xp 00000000 08:01 8261105                    /usr/local/jdk1.8.0_131/jre/lib/amd64/libjsoundalsa.so
7fbfbefc5000-7fbfbf1c4000 ---p 0000f000 08:01 8261105                    /usr/local/jdk1.8.0_131/jre/lib/amd64/libjsoundalsa.so
7fbfbf1c4000-7fbfbf1c5000 rw-p 0000e000 08:01 8261105                    /usr/local/jdk1.8.0_131/jre/lib/amd64/libjsoundalsa.so
7fbfbf1c5000-7fbfbf1c6000 r-xp 00000000 08:01 8261124                    /usr/local/jdk1.8.0_131/jre/lib/amd64/libjsound.so
7fbfbf1c6000-7fbfbf3c5000 ---p 00001000 08:01 8261124                    /usr/local/jdk1.8.0_131/jre/lib/amd64/libjsound.so
7fbfbf3c5000-7fbfbf3c6000 rw-p 00000000 08:01 8261124                    /usr/local/jdk1.8.0_131/jre/lib/amd64/libjsound.so
7fbfbf3c6000-7fbfbf3d7000 r-xp 00000000 08:01 8261150                    /usr/local/jdk1.8.0_131/jre/lib/amd64/libnio.so
7fbfbf3d7000-7fbfbf5d6000 ---p 00011000 08:01 8261150                    /usr/local/jdk1.8.0_131/jre/lib/amd64/libnio.so
7fbfbf5d6000-7fbfbf5d7000 rw-p 00010000 08:01 8261150                    /usr/local/jdk1.8.0_131/jre/lib/amd64/libnio.so
7fbfbf5d7000-7fbfbf8d8000 rw-p 00000000 00:00 0 
7fbfbf8d8000-7fbfbf8ee000 r-xp 00000000 08:01 8261151                    /usr/local/jdk1.8.0_131/jre/lib/amd64/libnet.so
7fbfbf8ee000-7fbfbfaee000 ---p 00016000 08:01 8261151                    /usr/local/jdk1.8.0_131/jre/lib/amd64/libnet.so
7fbfbfaee000-7fbfbfaef000 rw-p 00016000 08:01 8261151                    /usr/local/jdk1.8.0_131/jre/lib/amd64/libnet.so
7fbfbfaef000-7fbfbfaf2000 ---p 00000000 00:00 0 
7fbfbfaf2000-7fbfbfbf0000 rw-p 00000000 00:00 0 
7fbfbfbf0000-7fbfbfbf5000 r-xp 00000000 08:01 4333312                    /usr/lib/x86_64-linux-gnu/libXfixes.so.3.1.0
7fbfbfbf5000-7fbfbfdf4000 ---p 00005000 08:01 4333312                    /usr/lib/x86_64-linux-gnu/libXfixes.so.3.1.0
7fbfbfdf4000-7fbfbfdf5000 r--p 00004000 08:01 4333312                    /usr/lib/x86_64-linux-gnu/libXfixes.so.3.1.0
7fbfbfdf5000-7fbfbfdf6000 rw-p 00005000 08:01 4333312                    /usr/lib/x86_64-linux-gnu/libXfixes.so.3.1.0
7fbfbfdf6000-7fbfbfdff000 r-xp 00000000 08:01 4333304                    /usr/lib/x86_64-linux-gnu/libXcursor.so.1.0.2
7fbfbfdff000-7fbfbfffe000 ---p 00009000 08:01 4333304                    /usr/lib/x86_64-linux-gnu/libXcursor.so.1.0.2
7fbfbfffe000-7fbfbffff000 r--p 00008000 08:01 4333304                    /usr/lib/x86_64-linux-gnu/libXcursor.so.1.0.2
7fbfbffff000-7fbfc0000000 rw-p 00009000 08:01 4333304                    /usr/lib/x86_64-linux-gnu/libXcursor.so.1.0.2
7fbfc0000000-7fbfc0021000 rw-p 00000000 00:00 0 
7fbfc0021000-7fbfc4000000 ---p 00000000 00:00 0 
7fbfc4000000-7fbfc4001000 r--s 00000000 08:01 5376486                    /var/cache/fontconfig/30829fa25452a46451e813d634d7f916-le64.cache-6
7fbfc4001000-7fbfc4003000 r--s 00016000 08:01 20185161                   /home/cssummer17/NetBeansProjects/V6/Impro-Visor/lib/servlet-api-2.4.jar
7fbfc4003000-7fbfc4005000 r--s 00005000 08:01 20185165                   /home/cssummer17/NetBeansProjects/V6/Impro-Visor/lib/regexp-1.3.jar
7fbfc4005000-7fbfc400a000 r--s 00039000 08:01 20185171                   /home/cssummer17/NetBeansProjects/V6/Impro-Visor/lib/plexus-utils-1.5.6.jar
7fbfc400a000-7fbfc400d000 r--s 0000f000 08:01 20185151                   /home/cssummer17/NetBeansProjects/V6/Impro-Visor/lib/maven-scm-provider-svnexe-1.4.jar
7fbfc400d000-7fbfc400f000 r--s 00008000 08:01 20185167                   /home/cssummer17/NetBeansProjects/V6/Impro-Visor/lib/maven-scm-provider-svn-commons-1.4.jar
7fbfc400f000-7fbfc4018000 r--s 0006f000 08:01 20185162                   /home/cssummer17/NetBeansProjects/V6/Impro-Visor/lib/log4j-1.2.17.jar
7fbfc4018000-7fbfc401b000 ---p 00000000 00:00 0 
7fbfc401b000-7fbfc4119000 rw-p 00000000 00:00 0 
7fbfc4119000-7fbfc412f000 r-xp 00000000 08:01 16126397                   /lib/x86_64-linux-gnu/libgcc_s.so.1
7fbfc412f000-7fbfc432e000 ---p 00016000 08:01 16126397                   /lib/x86_64-linux-gnu/libgcc_s.so.1
7fbfc432e000-7fbfc432f000 rw-p 00015000 08:01 16126397                   /lib/x86_64-linux-gnu/libgcc_s.so.1
7fbfc432f000-7fbfc4394000 r-xp 00000000 08:01 8261101                    /usr/local/jdk1.8.0_131/jre/lib/amd64/libfontmanager.so
7fbfc4394000-7fbfc4593000 ---p 00065000 08:01 8261101                    /usr/local/jdk1.8.0_131/jre/lib/amd64/libfontmanager.so
7fbfc4593000-7fbfc4598000 rw-p 00064000 08:01 8261101                    /usr/local/jdk1.8.0_131/jre/lib/amd64/libfontmanager.so
7fbfc4598000-7fbfc45a8000 rw-p 00000000 00:00 0 
7fbfc45a8000-7fbfc45ad000 r-xp 00000000 08:01 4333308                    /usr/lib/x86_64-linux-gnu/libXdmcp.so.6.0.0
7fbfc45ad000-7fbfc47ac000 ---p 00005000 08:01 4333308                    /usr/lib/x86_64-linux-gnu/libXdmcp.so.6.0.0
7fbfc47ac000-7fbfc47ad000 r--p 00004000 08:01 4333308                    /usr/lib/x86_64-linux-gnu/libXdmcp.so.6.0.0
7fbfc47ad000-7fbfc47ae000 rw-p 00005000 08:01 4333308                    /usr/lib/x86_64-linux-gnu/libXdmcp.so.6.0.0
7fbfc47ae000-7fbfc47b0000 r-xp 00000000 08:01 4333297                    /usr/lib/x86_64-linux-gnu/libXau.so.6.0.0
7fbfc47b0000-7fbfc49b0000 ---p 00002000 08:01 4333297                    /usr/lib/x86_64-linux-gnu/libXau.so.6.0.0
7fbfc49b0000-7fbfc49b1000 r--p 00002000 08:01 4333297                    /usr/lib/x86_64-linux-gnu/libXau.so.6.0.0
7fbfc49b1000-7fbfc49b2000 rw-p 00003000 08:01 4333297                    /usr/lib/x86_64-linux-gnu/libXau.so.6.0.0
7fbfc49b2000-7fbfc49d3000 r-xp 00000000 08:01 4334706                    /usr/lib/x86_64-linux-gnu/libxcb.so.1.1.0
7fbfc49d3000-7fbfc4bd2000 ---p 00021000 08:01 4334706                    /usr/lib/x86_64-linux-gnu/libxcb.so.1.1.0
7fbfc4bd2000-7fbfc4bd3000 r--p 00020000 08:01 4334706                    /usr/lib/x86_64-linux-gnu/libxcb.so.1.1.0
7fbfc4bd3000-7fbfc4bd4000 rw-p 00021000 08:01 4334706                    /usr/lib/x86_64-linux-gnu/libxcb.so.1.1.0
7fbfc4bd4000-7fbfc4be3000 r-xp 00000000 08:01 4333318                    /usr/lib/x86_64-linux-gnu/libXi.so.6.1.0
7fbfc4be3000-7fbfc4de2000 ---p 0000f000 08:01 4333318                    /usr/lib/x86_64-linux-gnu/libXi.so.6.1.0
7fbfc4de2000-7fbfc4de3000 r--p 0000e000 08:01 4333318                    /usr/lib/x86_64-linux-gnu/libXi.so.6.1.0
7fbfc4de3000-7fbfc4de4000 rw-p 0000f000 08:01 4333318                    /usr/lib/x86_64-linux-gnu/libXi.so.6.1.0
7fbfc4de4000-7fbfc4de9000 r-xp 00000000 08:01 4333336                    /usr/lib/x86_64-linux-gnu/libXtst.so.6.1.0
7fbfc4de9000-7fbfc4fe8000 ---p 00005000 08:01 4333336                    /usr/lib/x86_64-linux-gnu/libXtst.so.6.1.0
7fbfc4fe8000-7fbfc4fe9000 r--p 00004000 08:01 4333336                    /usr/lib/x86_64-linux-gnu/libXtst.so.6.1.0
7fbfc4fe9000-7fbfc4fea000 rw-p 00005000 08:01 4333336                    /usr/lib/x86_64-linux-gnu/libXtst.so.6.1.0
7fbfc4fea000-7fbfc4ff3000 r-xp 00000000 08:01 4333330                    /usr/lib/x86_64-linux-gnu/libXrender.so.1.3.0
7fbfc4ff3000-7fbfc51f2000 ---p 00009000 08:01 4333330                    /usr/lib/x86_64-linux-gnu/libXrender.so.1.3.0
7fbfc51f2000-7fbfc51f3000 r--p 00008000 08:01 4333330                    /usr/lib/x86_64-linux-gnu/libXrender.so.1.3.0
7fbfc51f3000-7fbfc51f4000 rw-p 00009000 08:01 4333330                    /usr/lib/x86_64-linux-gnu/libXrender.so.1.3.0
7fbfc51f4000-7fbfc5329000 r-xp 00000000 08:01 4333293                    /usr/lib/x86_64-linux-gnu/libX11.so.6.3.0
7fbfc5329000-7fbfc5529000 ---p 00135000 08:01 4333293                    /usr/lib/x86_64-linux-gnu/libX11.so.6.3.0
7fbfc5529000-7fbfc552a000 r--p 00135000 08:01 4333293                    /usr/lib/x86_64-linux-gnu/libX11.so.6.3.0
7fbfc552a000-7fbfc552e000 rw-p 00136000 08:01 4333293                    /usr/lib/x86_64-linux-gnu/libX11.so.6.3.0
7fbfc552e000-7fbfc553f000 r-xp 00000000 08:01 4333310                    /usr/lib/x86_64-linux-gnu/libXext.so.6.4.0
7fbfc553f000-7fbfc573e000 ---p 00011000 08:01 4333310                    /usr/lib/x86_64-linux-gnu/libXext.so.6.4.0
7fbfc573e000-7fbfc573f000 r--p 00010000 08:01 4333310                    /usr/lib/x86_64-linux-gnu/libXext.so.6.4.0
7fbfc573f000-7fbfc5740000 rw-p 00011000 08:01 4333310                    /usr/lib/x86_64-linux-gnu/libXext.so.6.4.0
7fbfc5740000-7fbfc5794000 r-xp 00000000 08:01 8261114                    /usr/local/jdk1.8.0_131/jre/lib/amd64/libawt_xawt.so
7fbfc5794000-7fbfc5994000 ---p 00054000 08:01 8261114                    /usr/local/jdk1.8.0_131/jre/lib/amd64/libawt_xawt.so
7fbfc5994000-7fbfc5998000 rw-p 00054000 08:01 8261114                    /usr/local/jdk1.8.0_131/jre/lib/amd64/libawt_xawt.so
7fbfc5998000-7fbfc5999000 rw-p 00000000 00:00 0 
7fbfc5999000-7fbfc5a3b000 r-xp 00000000 08:01 8261153                    /usr/local/jdk1.8.0_131/jre/lib/amd64/libawt.so
7fbfc5a3b000-7fbfc5c3b000 ---p 000a2000 08:01 8261153                    /usr/local/jdk1.8.0_131/jre/lib/amd64/libawt.so
7fbfc5c3b000-7fbfc5c47000 rw-p 000a2000 08:01 8261153                    /usr/local/jdk1.8.0_131/jre/lib/amd64/libawt.so
7fbfc5c47000-7fbfc5c6b000 rw-p 00000000 00:00 0 
7fbfc5c6b000-7fbfc5c6c000 ---p 00000000 00:00 0 
7fbfc5c6c000-7fbfc5d6c000 rw-p 00000000 00:00 0 
7fbfc5d6c000-7fbfc5d6f000 ---p 00000000 00:00 0 
7fbfc5d6f000-7fbfc5e6d000 rw-p 00000000 00:00 0 
7fbfc5e6d000-7fbfc5e70000 ---p 00000000 00:00 0 
7fbfc5e70000-7fbfc5f6e000 rw-p 00000000 00:00 0 
7fbfc5f6e000-7fbfc5f71000 ---p 00000000 00:00 0 
7fbfc5f71000-7fbfc606f000 rw-p 00000000 00:00 0 
7fbfc606f000-7fbfc6072000 ---p 00000000 00:00 0 
7fbfc6072000-7fbfc8000000 rw-p 00000000 00:00 0 
7fbfc8000000-7fbfc8021000 rw-p 00000000 00:00 0 
7fbfc8021000-7fbfcc000000 ---p 00000000 00:00 0 
7fbfcc000000-7fbfcc001000 r--s 00000000 08:01 5376480                    /var/cache/fontconfig/0c9eb80ebd1c36541ebe2852d3bb0c49-le64.cache-6
7fbfcc001000-7fbfcc005000 r--s 00014000 08:01 20185166                   /home/cssummer17/NetBeansProjects/V6/Impro-Visor/lib/maven-scm-api-1.4.jar
7fbfcc005000-7fbfcc00e000 r--s 0005d000 08:01 20185152                   /home/cssummer17/NetBeansProjects/V6/Impro-Visor/lib/commons-vfs2-2.0.jar
7fbfcc00e000-7fbfcc015000 r--s 0005e000 08:01 20185155                   /home/cssummer17/NetBeansProjects/V6/Impro-Visor/lib/commons-lang3-3.3.2.jar
7fbfcc015000-7fbfcc01b000 r--s 00044000 08:01 20185163                   /home/cssummer17/NetBeansProjects/V6/Impro-Visor/lib/commons-jxpath-1.3.jar
7fbfcc01b000-7fbfcc01e000 ---p 00000000 00:00 0 
7fbfcc01e000-7fbfcc11c000 rw-p 00000000 00:00 0 
7fbfcc11c000-7fbfcc3f4000 r--p 00000000 08:01 4337389                    /usr/lib/locale/locale-archive
7fbfcc3f4000-7fbfcc3f7000 ---p 00000000 00:00 0 
7fbfcc3f7000-7fbfcc4f5000 rw-p 00000000 00:00 0 
7fbfcc4f5000-7fbfcc4f8000 ---p 00000000 00:00 0 
7fbfcc4f8000-7fbfcc5f6000 rw-p 00000000 00:00 0 
7fbfcc5f6000-7fbfcc5f7000 ---p 00000000 00:00 0 
7fbfcc5f7000-7fbfcd000000 rw-p 00000000 00:00 0 
7fbfcd000000-7fbfcebd0000 rwxp 00000000 00:00 0 
7fbfcebd0000-7fbfdc000000 ---p 00000000 00:00 0 
7fbfdc000000-7fbfdc783000 rw-p 00000000 00:00 0 
7fbfdc783000-7fbfe0000000 ---p 00000000 00:00 0 
7fbfe0000000-7fbfe0002000 r--s 00001000 08:01 20185169                   /home/cssummer17/NetBeansProjects/V6/Impro-Visor/lib/mathz-0.3.0.jar
7fbfe0002000-7fbfe0005000 r--s 00013000 08:01 20185168                   /home/cssummer17/NetBeansProjects/V6/Impro-Visor/lib/edn-java-0.4.5.jar
7fbfe0005000-7fbfe0011000 r--s 00089000 08:01 20185160                   /home/cssummer17/NetBeansProjects/V6/Impro-Visor/lib/commons-configuration2-2.0.jar
7fbfe0011000-7fbfe001f000 r--s 0007f000 08:01 20185149                   /home/cssummer17/NetBeansProjects/V6/Impro-Visor/lib/commons-collections-3.2.1.jar
7fbfe001f000-7fbfe0032000 r--s 00345000 08:01 4861209                    /usr/local/jdk1.8.0_131/jre/lib/resources.jar
7fbfe0032000-7fbfe06ea000 rw-p 00000000 00:00 0 
7fbfe06ea000-7fbfe08c3000 r--s 03d40000 08:01 4861233                    /usr/local/jdk1.8.0_131/jre/lib/rt.jar
7fbfe08c3000-7fbfe1322000 rw-p 00000000 00:00 0 
7fbfe1322000-7fbfe1323000 ---p 00000000 00:00 0 
7fbfe1323000-7fbfe1423000 rw-p 00000000 00:00 0 
7fbfe1423000-7fbfe1424000 ---p 00000000 00:00 0 
7fbfe1424000-7fbfe1524000 rw-p 00000000 00:00 0 
7fbfe1524000-7fbfe1525000 ---p 00000000 00:00 0 
7fbfe1525000-7fbfe1625000 rw-p 00000000 00:00 0 
7fbfe1625000-7fbfe1626000 ---p 00000000 00:00 0 
7fbfe1626000-7fbfe1780000 rw-p 00000000 00:00 0 
7fbfe1780000-7fbfe186c000 ---p 00000000 00:00 0 
7fbfe186c000-7fbfe18c6000 rw-p 00000000 00:00 0 
7fbfe18c6000-7fbfe19b2000 ---p 00000000 00:00 0 
7fbfe19b2000-7fbfe1a55000 rw-p 00000000 00:00 0 
7fbfe1a55000-7fbfe1ac6000 rw-p 00000000 00:00 0 
7fbfe1ac6000-7fbfe1e16000 ---p 00000000 00:00 0 
7fbfe1e16000-7fbfe1e30000 r-xp 00000000 08:01 8261149                    /usr/local/jdk1.8.0_131/jre/lib/amd64/libzip.so
7fbfe1e30000-7fbfe2030000 ---p 0001a000 08:01 8261149                    /usr/local/jdk1.8.0_131/jre/lib/amd64/libzip.so
7fbfe2030000-7fbfe2031000 rw-p 0001a000 08:01 8261149                    /usr/local/jdk1.8.0_131/jre/lib/amd64/libzip.so
7fbfe2031000-7fbfe203c000 r-xp 00000000 08:01 16127461                   /lib/x86_64-linux-gnu/libnss_files-2.23.so
7fbfe203c000-7fbfe223b000 ---p 0000b000 08:01 16127461                   /lib/x86_64-linux-gnu/libnss_files-2.23.so
7fbfe223b000-7fbfe223c000 r--p 0000a000 08:01 16127461                   /lib/x86_64-linux-gnu/libnss_files-2.23.so
7fbfe223c000-7fbfe223d000 rw-p 0000b000 08:01 16127461                   /lib/x86_64-linux-gnu/libnss_files-2.23.so
7fbfe223d000-7fbfe2243000 rw-p 00000000 00:00 0 
7fbfe2243000-7fbfe224e000 r-xp 00000000 08:01 16127464                   /lib/x86_64-linux-gnu/libnss_nis-2.23.so
7fbfe224e000-7fbfe244d000 ---p 0000b000 08:01 16127464                   /lib/x86_64-linux-gnu/libnss_nis-2.23.so
7fbfe244d000-7fbfe244e000 r--p 0000a000 08:01 16127464                   /lib/x86_64-linux-gnu/libnss_nis-2.23.so
7fbfe244e000-7fbfe244f000 rw-p 0000b000 08:01 16127464                   /lib/x86_64-linux-gnu/libnss_nis-2.23.so
7fbfe244f000-7fbfe2465000 r-xp 00000000 08:01 16126449                   /lib/x86_64-linux-gnu/libnsl-2.23.so
7fbfe2465000-7fbfe2664000 ---p 00016000 08:01 16126449                   /lib/x86_64-linux-gnu/libnsl-2.23.so
7fbfe2664000-7fbfe2665000 r--p 00015000 08:01 16126449                   /lib/x86_64-linux-gnu/libnsl-2.23.so
7fbfe2665000-7fbfe2666000 rw-p 00016000 08:01 16126449                   /lib/x86_64-linux-gnu/libnsl-2.23.so
7fbfe2666000-7fbfe2668000 rw-p 00000000 00:00 0 
7fbfe2668000-7fbfe2670000 r-xp 00000000 08:01 16127470                   /lib/x86_64-linux-gnu/libnss_compat-2.23.so
7fbfe2670000-7fbfe286f000 ---p 00008000 08:01 16127470                   /lib/x86_64-linux-gnu/libnss_compat-2.23.so
7fbfe286f000-7fbfe2870000 r--p 00007000 08:01 16127470                   /lib/x86_64-linux-gnu/libnss_compat-2.23.so
7fbfe2870000-7fbfe2871000 rw-p 00008000 08:01 16127470                   /lib/x86_64-linux-gnu/libnss_compat-2.23.so
7fbfe2871000-7fbfe289c000 r-xp 00000000 08:01 8261143                    /usr/local/jdk1.8.0_131/jre/lib/amd64/libjava.so
7fbfe289c000-7fbfe2a9b000 ---p 0002b000 08:01 8261143                    /usr/local/jdk1.8.0_131/jre/lib/amd64/libjava.so
7fbfe2a9b000-7fbfe2a9d000 rw-p 0002a000 08:01 8261143                    /usr/local/jdk1.8.0_131/jre/lib/amd64/libjava.so
7fbfe2a9d000-7fbfe2aaa000 r-xp 00000000 08:01 8261126                    /usr/local/jdk1.8.0_131/jre/lib/amd64/libverify.so
7fbfe2aaa000-7fbfe2ca9000 ---p 0000d000 08:01 8261126                    /usr/local/jdk1.8.0_131/jre/lib/amd64/libverify.so
7fbfe2ca9000-7fbfe2cab000 rw-p 0000c000 08:01 8261126                    /usr/local/jdk1.8.0_131/jre/lib/amd64/libverify.so
7fbfe2cab000-7fbfe2cb2000 r-xp 00000000 08:01 16127466                   /lib/x86_64-linux-gnu/librt-2.23.so
7fbfe2cb2000-7fbfe2eb1000 ---p 00007000 08:01 16127466                   /lib/x86_64-linux-gnu/librt-2.23.so
7fbfe2eb1000-7fbfe2eb2000 r--p 00006000 08:01 16127466                   /lib/x86_64-linux-gnu/librt-2.23.so
7fbfe2eb2000-7fbfe2eb3000 rw-p 00007000 08:01 16127466                   /lib/x86_64-linux-gnu/librt-2.23.so
7fbfe2eb3000-7fbfe2fbb000 r-xp 00000000 08:01 16127475                   /lib/x86_64-linux-gnu/libm-2.23.so
7fbfe2fbb000-7fbfe31ba000 ---p 00108000 08:01 16127475                   /lib/x86_64-linux-gnu/libm-2.23.so
7fbfe31ba000-7fbfe31bb000 r--p 00107000 08:01 16127475                   /lib/x86_64-linux-gnu/libm-2.23.so
7fbfe31bb000-7fbfe31bc000 rw-p 00108000 08:01 16127475                   /lib/x86_64-linux-gnu/libm-2.23.so
7fbfe31bc000-7fbfe3e8b000 r-xp 00000000 08:01 8652621                    /usr/local/jdk1.8.0_131/jre/lib/amd64/server/libjvm.so
7fbfe3e8b000-7fbfe408b000 ---p 00ccf000 08:01 8652621                    /usr/local/jdk1.8.0_131/jre/lib/amd64/server/libjvm.so
7fbfe408b000-7fbfe4164000 rw-p 00ccf000 08:01 8652621                    /usr/local/jdk1.8.0_131/jre/lib/amd64/server/libjvm.so
7fbfe4164000-7fbfe41af000 rw-p 00000000 00:00 0 
7fbfe41af000-7fbfe436f000 r-xp 00000000 08:01 16127480                   /lib/x86_64-linux-gnu/libc-2.23.so
7fbfe436f000-7fbfe456f000 ---p 001c0000 08:01 16127480                   /lib/x86_64-linux-gnu/libc-2.23.so
7fbfe456f000-7fbfe4573000 r--p 001c0000 08:01 16127480                   /lib/x86_64-linux-gnu/libc-2.23.so
7fbfe4573000-7fbfe4575000 rw-p 001c4000 08:01 16127480                   /lib/x86_64-linux-gnu/libc-2.23.so
7fbfe4575000-7fbfe4579000 rw-p 00000000 00:00 0 
7fbfe4579000-7fbfe457c000 r-xp 00000000 08:01 16127469                   /lib/x86_64-linux-gnu/libdl-2.23.so
7fbfe457c000-7fbfe477b000 ---p 00003000 08:01 16127469                   /lib/x86_64-linux-gnu/libdl-2.23.so
7fbfe477b000-7fbfe477c000 r--p 00002000 08:01 16127469                   /lib/x86_64-linux-gnu/libdl-2.23.so
7fbfe477c000-7fbfe477d000 rw-p 00003000 08:01 16127469                   /lib/x86_64-linux-gnu/libdl-2.23.so
7fbfe477d000-7fbfe4792000 r-xp 00000000 08:01 8652638                    /usr/local/jdk1.8.0_131/jre/lib/amd64/jli/libjli.so
7fbfe4792000-7fbfe4992000 ---p 00015000 08:01 8652638                    /usr/local/jdk1.8.0_131/jre/lib/amd64/jli/libjli.so
7fbfe4992000-7fbfe4993000 rw-p 00015000 08:01 8652638                    /usr/local/jdk1.8.0_131/jre/lib/amd64/jli/libjli.so
7fbfe4993000-7fbfe49ab000 r-xp 00000000 08:01 16127463                   /lib/x86_64-linux-gnu/libpthread-2.23.so
7fbfe49ab000-7fbfe4baa000 ---p 00018000 08:01 16127463                   /lib/x86_64-linux-gnu/libpthread-2.23.so
7fbfe4baa000-7fbfe4bab000 r--p 00017000 08:01 16127463                   /lib/x86_64-linux-gnu/libpthread-2.23.so
7fbfe4bab000-7fbfe4bac000 rw-p 00018000 08:01 16127463                   /lib/x86_64-linux-gnu/libpthread-2.23.so
7fbfe4bac000-7fbfe4bb0000 rw-p 00000000 00:00 0 
7fbfe4bb0000-7fbfe4bd6000 r-xp 00000000 08:01 16127457                   /lib/x86_64-linux-gnu/ld-2.23.so
7fbfe4bd6000-7fbfe4bd7000 r--s 00003000 08:01 20185146                   /home/cssummer17/NetBeansProjects/V6/Impro-Visor/lib/randomz-0.3.0.jar
7fbfe4bd7000-7fbfe4bdd000 r--s 0003c000 08:01 20185147                   /home/cssummer17/NetBeansProjects/V6/Impro-Visor/lib/commons-jexl-2.1.1.jar
7fbfe4bdd000-7fbfe4cb6000 rw-p 00000000 00:00 0 
7fbfe4cb6000-7fbfe4cb9000 ---p 00000000 00:00 0 
7fbfe4cb9000-7fbfe4dbb000 rw-p 00000000 00:00 0 
7fbfe4dbb000-7fbfe4dbd000 r--s 0000e000 08:01 20185170                   /home/cssummer17/NetBeansProjects/V6/Impro-Visor/lib/commons-logging-1.2.jar
7fbfe4dbd000-7fbfe4dc4000 r--s 0003a000 08:01 20185156                   /home/cssummer17/NetBeansProjects/V6/Impro-Visor/lib/commons-codec-1.9.jar
7fbfe4dc4000-7fbfe4dc9000 r--s 00035000 08:01 20185148                   /home/cssummer17/NetBeansProjects/V6/Impro-Visor/lib/commons-beanutils-1.9.2.jar
7fbfe4dc9000-7fbfe4dd1000 rw-s 00000000 08:01 20583704                   /tmp/hsperfdata_cssummer17/11363
7fbfe4dd1000-7fbfe4dd2000 rw-p 00000000 00:00 0 
7fbfe4dd2000-7fbfe4dd3000 r--p 00000000 00:00 0 
7fbfe4dd3000-7fbfe4dd5000 rw-p 00000000 00:00 0 
7fbfe4dd5000-7fbfe4dd6000 r--p 00025000 08:01 16127457                   /lib/x86_64-linux-gnu/ld-2.23.so
7fbfe4dd6000-7fbfe4dd7000 rw-p 00026000 08:01 16127457                   /lib/x86_64-linux-gnu/ld-2.23.so
7fbfe4dd7000-7fbfe4dd8000 rw-p 00000000 00:00 0 
7ffdcf3a7000-7ffdcf3c9000 rw-p 00000000 00:00 0                          [stack]
7ffdcf3eb000-7ffdcf3ed000 r--p 00000000 00:00 0                          [vvar]
7ffdcf3ed000-7ffdcf3ef000 r-xp 00000000 00:00 0                          [vdso]
ffffffffff600000-ffffffffff601000 r-xp 00000000 00:00 0                  [vsyscall]

VM Arguments:
java_command: imp.ImproVisor
java_class_path (initial): /home/cssummer17/NetBeansProjects/V6/Impro-Visor/build:/home/cssummer17/NetBeansProjects/V6/Impro-Visor/src:/home/cssummer17/NetBeansProjects/V6/Impro-Visor/lib/commons-beanutils-1.9.2.jar:/home/cssummer17/NetBeansProjects/V6/Impro-Visor/lib/commons-codec-1.9.jar:/home/cssummer17/NetBeansProjects/V6/Impro-Visor/lib/commons-collections-3.2.1.jar:/home/cssummer17/NetBeansProjects/V6/Impro-Visor/lib/commons-configuration2-2.0.jar:/home/cssummer17/NetBeansProjects/V6/Impro-Visor/lib/commons-jexl-2.1.1.jar:/home/cssummer17/NetBeansProjects/V6/Impro-Visor/lib/commons-jxpath-1.3.jar:/home/cssummer17/NetBeansProjects/V6/Impro-Visor/lib/commons-lang3-3.3.2.jar:/home/cssummer17/NetBeansProjects/V6/Impro-Visor/lib/commons-logging-1.2.jar:/home/cssummer17/NetBeansProjects/V6/Impro-Visor/lib/commons-vfs2-2.0.jar:/home/cssummer17/NetBeansProjects/V6/Impro-Visor/lib/edn-java-0.4.5.jar:/home/cssummer17/NetBeansProjects/V6/Impro-Visor/lib/log4j-1.2.17.jar:/home/cssummer17/NetBeansProjects/V6/Impro-Visor/lib/mathz-0.3.0.jar:/home/cssummer17/NetBeansProjects/V6/Impro-Visor/lib/maven-scm-api-1.4.jar:/home/cssummer17/NetBeansProjects/V6/Impro-Visor/lib/maven-scm-provider-svn-commons-1.4.jar:/home/cssummer17/NetBeansProjects/V6/Impro-Visor/lib/maven-scm-provider-svnexe-1.4.jar:/home/cssummer17/NetBeansProjects/V6/Impro-Visor/lib/plexus-utils-1.5.6.jar:/home/cssummer17/NetBeansProjects/V6/Impro-Visor/lib/randomz-0.3.0.jar:/home/cssummer17/NetBeansProjects/V6/Impro-Visor/lib/regexp-1.3.jar:/home/cssummer17/NetBeansProjects/V6/Impro-Visor/lib/servlet-api-2.4.jar:/home/cssummer17/NetBeansProjects/V6/Impro-Visor/lib/vectorz-0.48.0-javadoc.jar:/home/cssummer17/NetBeansProjects/V6/Impro-Visor/lib/vectorz-0.48.0-sources.jar:/home/cssummer17/NetBeansProjects/V6/Impro-Visor/lib/vectorz-0.48.0.jar:/home/cssummer17/NetBeansProjects/V6/Impro-Visor/lib/xml-apis-1.0.b2.jar:/home/cssummer17/NetBeansProjects/V6/Impro-Visor/lib/xml-resolver-1.2.jar
Launcher Type: SUN_STANDARD

Environment Variables:
PATH=/home/cssummer17/bin:/home/cssummer17/.local/bin:/usr/local/sbin:/usr/local/bin:/usr/sbin:/usr/bin:/sbin:/bin:/usr/games:/usr/local/games:/snap/bin
LD_LIBRARY_PATH=/usr/local/jdk1.8.0_131/jre/lib/amd64:/usr/local/jdk1.8.0_131/jre/lib/i386:
SHELL=/bin/bash
DISPLAY=:0

Signal Handlers:
SIGSEGV: [libjvm.so+0xac8af0], sa_mask[0]=11111111011111111101111111111110, sa_flags=SA_RESTART|SA_SIGINFO
SIGBUS: [libjvm.so+0xac8af0], sa_mask[0]=11111111011111111101111111111110, sa_flags=SA_RESTART|SA_SIGINFO
SIGFPE: [libjvm.so+0x921dd0], sa_mask[0]=11111111011111111101111111111110, sa_flags=SA_RESTART|SA_SIGINFO
SIGPIPE: [libjvm.so+0x921dd0], sa_mask[0]=11111111011111111101111111111110, sa_flags=SA_RESTART|SA_SIGINFO
SIGXFSZ: [libjvm.so+0x921dd0], sa_mask[0]=11111111011111111101111111111110, sa_flags=SA_RESTART|SA_SIGINFO
SIGILL: [libjvm.so+0x921dd0], sa_mask[0]=11111111011111111101111111111110, sa_flags=SA_RESTART|SA_SIGINFO
SIGUSR1: SIG_DFL, sa_mask[0]=00000000000000000000000000000000, sa_flags=none
SIGUSR2: [libjvm.so+0x923610], sa_mask[0]=00100000000000000000000000000000, sa_flags=SA_RESTART|SA_SIGINFO
SIGHUP: [libjvm.so+0x924a10], sa_mask[0]=11111111011111111101111111111110, sa_flags=SA_RESTART|SA_SIGINFO
SIGINT: SIG_IGN, sa_mask[0]=00000000000000000000000000000000, sa_flags=none
SIGTERM: [libjvm.so+0x924a10], sa_mask[0]=11111111011111111101111111111110, sa_flags=SA_RESTART|SA_SIGINFO
SIGQUIT: [libjvm.so+0x924a10], sa_mask[0]=11111111011111111101111111111110, sa_flags=SA_RESTART|SA_SIGINFO


---------------  S Y S T E M  ---------------

OS:DISTRIB_ID=Ubuntu
DISTRIB_RELEASE=16.04
DISTRIB_CODENAME=xenial
DISTRIB_DESCRIPTION="Ubuntu 16.04.2 LTS"

uname:Linux 4.8.0-58-generic #63~16.04.1-Ubuntu SMP Mon Jun 26 18:08:51 UTC 2017 x86_64
libc:glibc 2.23 NPTL 2.23 
rlimit: STACK 8192k, CORE 0k, NPROC 15461, NOFILE 65536, AS infinity
load average:3.19 2.09 1.30

/proc/meminfo:
MemTotal:        4000544 kB
MemFree:         2314500 kB
MemAvailable:    2635632 kB
Buffers:           35008 kB
Cached:           509528 kB
SwapCached:         6648 kB
Active:           905780 kB
Inactive:         385844 kB
Active(anon):     702832 kB
Inactive(anon):   103376 kB
Active(file):     202948 kB
Inactive(file):   282468 kB
Unevictable:          16 kB
Mlocked:              16 kB
SwapTotal:       4148220 kB
SwapFree:        3891700 kB
Dirty:                32 kB
Writeback:             0 kB
AnonPages:        745008 kB
Mapped:            52452 kB
Shmem:             59016 kB
Slab:             119708 kB
SReclaimable:      79236 kB
SUnreclaim:        40472 kB
KernelStack:        5472 kB
PageTables:        12252 kB
NFS_Unstable:          0 kB
Bounce:                0 kB
WritebackTmp:          0 kB
CommitLimit:     6148492 kB
Committed_AS:    2014760 kB
VmallocTotal:   34359738367 kB
VmallocUsed:           0 kB
VmallocChunk:          0 kB
HardwareCorrupted:     0 kB
AnonHugePages:    477184 kB
ShmemHugePages:        0 kB
ShmemPmdMapped:        0 kB
CmaTotal:              0 kB
CmaFree:               0 kB
HugePages_Total:       0
HugePages_Free:        0
HugePages_Rsvd:        0
HugePages_Surp:        0
Hugepagesize:       2048 kB
DirectMap4k:     2102736 kB
DirectMap2M:     2048000 kB


CPU:total 4 (initial active 4) (4 cores per cpu, 1 threads per core) family 6 model 42 stepping 7, cmov, cx8, fxsr, mmx, sse, sse2, sse3, ssse3, sse4.1, sse4.2, popcnt, avx, aes, clmul, tsc, tscinvbit

/proc/cpuinfo:
processor	: 0
vendor_id	: GenuineIntel
cpu family	: 6
model		: 42
model name	: Intel(R) Xeon(R) CPU E31225 @ 3.10GHz
stepping	: 7
microcode	: 0x29
cpu MHz		: 1599.761
cache size	: 6144 KB
physical id	: 0
siblings	: 4
core id		: 0
cpu cores	: 4
apicid		: 0
initial apicid	: 0
fpu		: yes
fpu_exception	: yes
cpuid level	: 13
wp		: yes
flags		: fpu vme de pse tsc msr pae mce cx8 apic sep mtrr pge mca cmov pat pse36 clflush dts acpi mmx fxsr sse sse2 ss ht tm pbe syscall nx rdtscp lm constant_tsc arch_perfmon pebs bts rep_good nopl xtopology nonstop_tsc aperfmperf eagerfpu pni pclmulqdq dtes64 monitor ds_cpl vmx smx est tm2 ssse3 cx16 xtpr pdcm pcid sse4_1 sse4_2 x2apic popcnt tsc_deadline_timer aes xsave avx lahf_lm epb tpr_shadow vnmi flexpriority ept vpid xsaveopt dtherm ida arat pln pts
bugs		:
bogomips	: 6186.02
clflush size	: 64
cache_alignment	: 64
address sizes	: 36 bits physical, 48 bits virtual
power management:

processor	: 1
vendor_id	: GenuineIntel
cpu family	: 6
model		: 42
model name	: Intel(R) Xeon(R) CPU E31225 @ 3.10GHz
stepping	: 7
microcode	: 0x29
cpu MHz		: 1605.816
cache size	: 6144 KB
physical id	: 0
siblings	: 4
core id		: 1
cpu cores	: 4
apicid		: 2
initial apicid	: 2
fpu		: yes
fpu_exception	: yes
cpuid level	: 13
wp		: yes
flags		: fpu vme de pse tsc msr pae mce cx8 apic sep mtrr pge mca cmov pat pse36 clflush dts acpi mmx fxsr sse sse2 ss ht tm pbe syscall nx rdtscp lm constant_tsc arch_perfmon pebs bts rep_good nopl xtopology nonstop_tsc aperfmperf eagerfpu pni pclmulqdq dtes64 monitor ds_cpl vmx smx est tm2 ssse3 cx16 xtpr pdcm pcid sse4_1 sse4_2 x2apic popcnt tsc_deadline_timer aes xsave avx lahf_lm epb tpr_shadow vnmi flexpriority ept vpid xsaveopt dtherm ida arat pln pts
bugs		:
bogomips	: 6186.02
clflush size	: 64
cache_alignment	: 64
address sizes	: 36 bits physical, 48 bits virtual
power management:

processor	: 2
vendor_id	: GenuineIntel
cpu family	: 6
model		: 42
model name	: Intel(R) Xeon(R) CPU E31225 @ 3.10GHz
stepping	: 7
microcode	: 0x29
cpu MHz		: 1687.554
cache size	: 6144 KB
physical id	: 0
siblings	: 4
core id		: 2
cpu cores	: 4
apicid		: 4
initial apicid	: 4
fpu		: yes
fpu_exception	: yes
cpuid level	: 13
wp		: yes
flags		: fpu vme de pse tsc msr pae mce cx8 apic sep mtrr pge mca cmov pat pse36 clflush dts acpi mmx fxsr sse sse2 ss ht tm pbe syscall nx rdtscp lm constant_tsc arch_perfmon pebs bts rep_good nopl xtopology nonstop_tsc aperfmperf eagerfpu pni pclmulqdq dtes64 monitor ds_cpl vmx smx est tm2 ssse3 cx16 xtpr pdcm pcid sse4_1 sse4_2 x2apic popcnt tsc_deadline_timer aes xsave avx lahf_lm epb tpr_shadow vnmi flexpriority ept vpid xsaveopt dtherm ida arat pln pts
bugs		:
bogomips	: 6186.02
clflush size	: 64
cache_alignment	: 64
address sizes	: 36 bits physical, 48 bits virtual
power management:

processor	: 3
vendor_id	: GenuineIntel
cpu family	: 6
model		: 42
model name	: Intel(R) Xeon(R) CPU E31225 @ 3.10GHz
stepping	: 7
microcode	: 0x29
cpu MHz		: 1691.149
cache size	: 6144 KB
physical id	: 0
siblings	: 4
core id		: 3
cpu cores	: 4
apicid		: 6
initial apicid	: 6
fpu		: yes
fpu_exception	: yes
cpuid level	: 13
wp		: yes
flags		: fpu vme de pse tsc msr pae mce cx8 apic sep mtrr pge mca cmov pat pse36 clflush dts acpi mmx fxsr sse sse2 ss ht tm pbe syscall nx rdtscp lm constant_tsc arch_perfmon pebs bts rep_good nopl xtopology nonstop_tsc aperfmperf eagerfpu pni pclmulqdq dtes64 monitor ds_cpl vmx smx est tm2 ssse3 cx16 xtpr pdcm pcid sse4_1 sse4_2 x2apic popcnt tsc_deadline_timer aes xsave avx lahf_lm epb tpr_shadow vnmi flexpriority ept vpid xsaveopt dtherm ida arat pln pts
bugs		:
bogomips	: 6186.02
clflush size	: 64
cache_alignment	: 64
address sizes	: 36 bits physical, 48 bits virtual
power management:



Memory: 4k page, physical 4000544k(2314500k free), swap 4148220k(3891700k free)

vm_info: Java HotSpot(TM) 64-Bit Server VM (25.131-b11) for linux-amd64 JRE (1.8.0_131-b11), built on Mar 15 2017 01:23:40 by "java_re" with gcc 4.3.0 20080428 (Red Hat 4.3.0-8)

time: Tue Jul 11 14:06:22 2017
elapsed time: 1622 seconds (0d 0h 27m 2s)

